<?xml version="1.0" encoding="UTF-8"?>
<testsuite name="MinesweeperTest" tests="1" skipped="0" failures="0" errors="0" timestamp="2021-12-04T18:48:31" hostname="DESKTOP-4RO72QM" time="11.394">
  <properties/>
  <testcase name="start" classname="MinesweeperTest" time="11.394"/>
  <system-out><![CDATA[?[1;31m
Start test 1?[0m
How many mines do you want on the field? > 1

 │123456789│
—│—————————│
1│.........│
2│.........│
3│.........│
4│.........│
5│.........│
6│.........│
7│.........│
8│.........│
9│.........│
—│—————————│
Set/unset mine marks or claim a cell as free: > 6 8 free

 │123456789│
—│—————————│
1│/////////│
2│/////////│
3│/////////│
4│/////////│
5│/////////│
6│/////////│
7│/////////│
8│//////111│
9│//////1..│
—│—————————│
Set/unset mine marks or claim a cell as free: > 9 9 mine

 │123456789│
—│—————————│
1│/////////│
2│/////////│
3│/////////│
4│/////////│
5│/////////│
6│/////////│
7│/////////│
8│//////111│
9│//////1.*│
—│—————————│
Set/unset mine marks or claim a cell as free: > 8 9 free

 │123456789│
—│—————————│
1│/////////│
2│/////////│
3│/////////│
4│/////////│
5│/////////│
6│/////////│
7│/////////│
8│//////111│
9│//////1X*│
—│—————————│
You stopped on a mine and failed!
?[1;31m
Start test 2?[0m
How many mines do you want on the field? > 1

 │123456789│
—│—————————│
1│.........│
2│.........│
3│.........│
4│.........│
5│.........│
6│.........│
7│.........│
8│.........│
9│.........│
—│—————————│
Set/unset mine marks or claim a cell as free: > 8 2 free

 │123456789│
—│—————————│
1│/////////│
2│/////////│
3│/////////│
4│/111/////│
5│/1.1/////│
6│/111/////│
7│/////////│
8│/////////│
9│/////////│
—│—————————│
Congratulations! You found all the mines!
?[1;31m
Start test 3?[0m
How many mines do you want on the field? > 1

 │123456789│
—│—————————│
1│.........│
2│.........│
3│.........│
4│.........│
5│.........│
6│.........│
7│.........│
8│.........│
9│.........│
—│—————————│
Set/unset mine marks or claim a cell as free: > 3 6 mine

 │123456789│
—│—————————│
1│.........│
2│.........│
3│.........│
4│.........│
5│.........│
6│..*......│
7│.........│
8│.........│
9│.........│
—│—————————│
Set/unset mine marks or claim a cell as free: > 3 6 mine

 │123456789│
—│—————————│
1│.........│
2│.........│
3│.........│
4│.........│
5│.........│
6│.........│
7│.........│
8│.........│
9│.........│
—│—————————│
Set/unset mine marks or claim a cell as free: > 5 3 mine

 │123456789│
—│—————————│
1│.........│
2│.........│
3│....*....│
4│.........│
5│.........│
6│.........│
7│.........│
8│.........│
9│.........│
—│—————————│
Set/unset mine marks or claim a cell as free: > 5 3 mine

 │123456789│
—│—————————│
1│.........│
2│.........│
3│.........│
4│.........│
5│.........│
6│.........│
7│.........│
8│.........│
9│.........│
—│—————————│
Set/unset mine marks or claim a cell as free: > 9 6 free

 │123456789│
—│—————————│
1│/////////│
2│/////////│
3│////111//│
4│////1.1//│
5│////111//│
6│/////////│
7│/////////│
8│/////////│
9│/////////│
—│—————————│
Congratulations! You found all the mines!
?[1;31m
Start test 4?[0m
How many mines do you want on the field? > 1

 │123456789│
—│—————————│
1│.........│
2│.........│
3│.........│
4│.........│
5│.........│
6│.........│
7│.........│
8│.........│
9│.........│
—│—————————│
Set/unset mine marks or claim a cell as free: > 5 3 free

 │123456789│
—│—————————│
1│/////////│
2│/////////│
3│/////////│
4│/////////│
5│/////////│
6│/////////│
7│11///////│
8│.1///////│
9│.1///////│
—│—————————│
Set/unset mine marks or claim a cell as free: > 1 9 free

 │123456789│
—│—————————│
1│/////////│
2│/////////│
3│/////////│
4│/////////│
5│/////////│
6│/////////│
7│11///////│
8│.1///////│
9│11///////│
—│—————————│
Congratulations! You found all the mines!
?[1;31m
Start test 5?[0m
How many mines do you want on the field? > 1

 │123456789│
—│—————————│
1│.........│
2│.........│
3│.........│
4│.........│
5│.........│
6│.........│
7│.........│
8│.........│
9│.........│
—│—————————│
Set/unset mine marks or claim a cell as free: > 9 1 mine

 │123456789│
—│—————————│
1│........*│
2│.........│
3│.........│
4│.........│
5│.........│
6│.........│
7│.........│
8│.........│
9│.........│
—│—————————│
Set/unset mine marks or claim a cell as free: > 3 1 mine

 │123456789│
—│—————————│
1│..*.....*│
2│.........│
3│.........│
4│.........│
5│.........│
6│.........│
7│.........│
8│.........│
9│.........│
—│—————————│
Set/unset mine marks or claim a cell as free: > 5 1 mine

 │123456789│
—│—————————│
1│..*.*...*│
2│.........│
3│.........│
4│.........│
5│.........│
6│.........│
7│.........│
8│.........│
9│.........│
—│—————————│
Set/unset mine marks or claim a cell as free: > 9 5 mine

 │123456789│
—│—————————│
1│..*.*...*│
2│.........│
3│.........│
4│.........│
5│........*│
6│.........│
7│.........│
8│.........│
9│.........│
—│—————————│
Set/unset mine marks or claim a cell as free: > 4 8 mine

 │123456789│
—│—————————│
1│..*.*...*│
2│.........│
3│.........│
4│.........│
5│........*│
6│.........│
7│.........│
8│...*.....│
9│.........│
—│—————————│
Set/unset mine marks or claim a cell as free: > 6 6 free

 │123456789│
—│—————————│
1│..*.*...*│
2│.........│
3│.........│
4│.........│
5│........*│
6│.....1...│
7│.........│
8│...*.....│
9│.........│
—│—————————│
Set/unset mine marks or claim a cell as free: > 9 9 free

 │123456789│
—│—————————│
1│/////////│
2│/////////│
3│/////////│
4│/////111/│
5│/////1.1/│
6│/////111/│
7│/////////│
8│/////////│
9│/////////│
—│—————————│
Congratulations! You found all the mines!
?[1;31m
Start test 6?[0m
How many mines do you want on the field? > 1

 │123456789│
—│—————————│
1│.........│
2│.........│
3│.........│
4│.........│
5│.........│
6│.........│
7│.........│
8│.........│
9│.........│
—│—————————│
Set/unset mine marks or claim a cell as free: > 7 6 free

 │123456789│
—│—————————│
1│/////////│
2│/////////│
3│/////////│
4│/////////│
5│///111///│
6│///1.1///│
7│///111///│
8│/////////│
9│/////////│
—│—————————│
Congratulations! You found all the mines!
?[1;31m
Start test 7?[0m
How many mines do you want on the field? > 1

 │123456789│
—│—————————│
1│.........│
2│.........│
3│.........│
4│.........│
5│.........│
6│.........│
7│.........│
8│.........│
9│.........│
—│—————————│
Set/unset mine marks or claim a cell as free: > 1 1 free

 │123456789│
—│—————————│
1│/////////│
2│/////////│
3│/////////│
4│/////////│
5│/////////│
6│/111/////│
7│/1.1/////│
8│/111/////│
9│/////////│
—│—————————│
Congratulations! You found all the mines!
?[1;31m
Start test 8?[0m
How many mines do you want on the field? > 1

 │123456789│
—│—————————│
1│.........│
2│.........│
3│.........│
4│.........│
5│.........│
6│.........│
7│.........│
8│.........│
9│.........│
—│—————————│
Set/unset mine marks or claim a cell as free: > 6 2 free

 │123456789│
—│—————————│
1│/////////│
2│/////////│
3│/////////│
4│/////////│
5│/111/////│
6│/1.1/////│
7│/111/////│
8│/////////│
9│/////////│
—│—————————│
Congratulations! You found all the mines!
?[1;31m
Start test 9?[0m
How many mines do you want on the field? > 1

 │123456789│
—│—————————│
1│.........│
2│.........│
3│.........│
4│.........│
5│.........│
6│.........│
7│.........│
8│.........│
9│.........│
—│—————————│
Set/unset mine marks or claim a cell as free: > 7 8 mine

 │123456789│
—│—————————│
1│.........│
2│.........│
3│.........│
4│.........│
5│.........│
6│.........│
7│.........│
8│......*..│
9│.........│
—│—————————│
Set/unset mine marks or claim a cell as free: > 7 2 free

 │123456789│
—│—————————│
1│/////////│
2│/////////│
3│/////////│
4│111//////│
5│..1//////│
6│111//////│
7│/////////│
8│/////////│
9│/////////│
—│—————————│
Set/unset mine marks or claim a cell as free: > 1 5 free

 │123456789│
—│—————————│
1│/////////│
2│/////////│
3│/////////│
4│111//////│
5│1.1//////│
6│111//////│
7│/////////│
8│/////////│
9│/////////│
—│—————————│
Congratulations! You found all the mines!
?[1;31m
Start test 10?[0m
How many mines do you want on the field? > 1

 │123456789│
—│—————————│
1│.........│
2│.........│
3│.........│
4│.........│
5│.........│
6│.........│
7│.........│
8│.........│
9│.........│
—│—————————│
Set/unset mine marks or claim a cell as free: > 2 3 mine

 │123456789│
—│—————————│
1│.........│
2│.........│
3│.*.......│
4│.........│
5│.........│
6│.........│
7│.........│
8│.........│
9│.........│
—│—————————│
Set/unset mine marks or claim a cell as free: > 5 8 free

 │123456789│
—│—————————│
1│/////////│
2│/////////│
3│/////////│
4│/////////│
5│///////11│
6│///////1.│
7│///////11│
8│/////////│
9│/////////│
—│—————————│
Congratulations! You found all the mines!
?[1;31m
Start test 11?[0m
How many mines do you want on the field? > 1

 │123456789│
—│—————————│
1│.........│
2│.........│
3│.........│
4│.........│
5│.........│
6│.........│
7│.........│
8│.........│
9│.........│
—│—————————│
Set/unset mine marks or claim a cell as free: > 5 1 free

 │123456789│
—│—————————│
1│/////////│
2│/////////│
3│/////////│
4│/////////│
5│/////////│
6│/////////│
7│/////////│
8│111//////│
9│..1//////│
—│—————————│
Set/unset mine marks or claim a cell as free: > 2 9 mine

 │123456789│
—│—————————│
1│/////////│
2│/////////│
3│/////////│
4│/////////│
5│/////////│
6│/////////│
7│/////////│
8│111//////│
9│.*1//////│
—│—————————│
Congratulations! You found all the mines!
?[1;31m
Start test 12?[0m
How many mines do you want on the field? > 1

 │123456789│
—│—————————│
1│.........│
2│.........│
3│.........│
4│.........│
5│.........│
6│.........│
7│.........│
8│.........│
9│.........│
—│—————————│
Set/unset mine marks or claim a cell as free: > 9 6 free

 │123456789│
—│—————————│
1│////1.1//│
2│////1.1//│
3│////111//│
4│/////////│
5│/////////│
6│/////////│
7│/////////│
8│/////////│
9│/////////│
—│—————————│
Set/unset mine marks or claim a cell as free: > 6 2 free

 │123456789│
—│—————————│
1│////1.1//│
2│////1X1//│
3│////111//│
4│/////////│
5│/////////│
6│/////////│
7│/////////│
8│/////////│
9│/////////│
—│—————————│
You stopped on a mine and failed!
?[1;31m
Start test 13?[0m
How many mines do you want on the field? > 1

 │123456789│
—│—————————│
1│.........│
2│.........│
3│.........│
4│.........│
5│.........│
6│.........│
7│.........│
8│.........│
9│.........│
—│—————————│
Set/unset mine marks or claim a cell as free: > 9 2 mine

 │123456789│
—│—————————│
1│.........│
2│........*│
3│.........│
4│.........│
5│.........│
6│.........│
7│.........│
8│.........│
9│.........│
—│—————————│
Set/unset mine marks or claim a cell as free: > 5 5 free

 │123456789│
—│—————————│
1│/////////│
2│/////////│
3│/////////│
4│/////////│
5│/////////│
6│/////////│
7│/////////│
8│//////111│
9│//////1..│
—│—————————│
Set/unset mine marks or claim a cell as free: > 8 9 free

 │123456789│
—│—————————│
1│/////////│
2│/////////│
3│/////////│
4│/////////│
5│/////////│
6│/////////│
7│/////////│
8│//////111│
9│//////1X.│
—│—————————│
You stopped on a mine and failed!
?[1;31m
Start test 14?[0m
How many mines do you want on the field? > 1

 │123456789│
—│—————————│
1│.........│
2│.........│
3│.........│
4│.........│
5│.........│
6│.........│
7│.........│
8│.........│
9│.........│
—│—————————│
Set/unset mine marks or claim a cell as free: > 7 9 free

 │123456789│
—│—————————│
1│/////////│
2│/////////│
3│/////////│
4│/////////│
5│/////////│
6│///111///│
7│///1.1///│
8│///111///│
9│/////////│
—│—————————│
Congratulations! You found all the mines!
?[1;31m
Start test 15?[0m
How many mines do you want on the field? > 1

 │123456789│
—│—————————│
1│.........│
2│.........│
3│.........│
4│.........│
5│.........│
6│.........│
7│.........│
8│.........│
9│.........│
—│—————————│
Set/unset mine marks or claim a cell as free: > 8 6 mine

 │123456789│
—│—————————│
1│.........│
2│.........│
3│.........│
4│.........│
5│.........│
6│.......*.│
7│.........│
8│.........│
9│.........│
—│—————————│
Set/unset mine marks or claim a cell as free: > 4 8 free

 │123456789│
—│—————————│
1│///1.1///│
2│///111///│
3│/////////│
4│/////////│
5│/////////│
6│/////////│
7│/////////│
8│/////////│
9│/////////│
—│—————————│
Congratulations! You found all the mines!
?[1;31m
Start test 16?[0m
How many mines do you want on the field? > 1

 │123456789│
—│—————————│
1│.........│
2│.........│
3│.........│
4│.........│
5│.........│
6│.........│
7│.........│
8│.........│
9│.........│
—│—————————│
Set/unset mine marks or claim a cell as free: > 2 3 free

 │123456789│
—│—————————│
1│/////////│
2│/////////│
3│/////////│
4│11///////│
5│.1///////│
6│11///////│
7│/////////│
8│/////////│
9│/////////│
—│—————————│
Congratulations! You found all the mines!
?[1;31m
Start test 17?[0m
How many mines do you want on the field? > 1

 │123456789│
—│—————————│
1│.........│
2│.........│
3│.........│
4│.........│
5│.........│
6│.........│
7│.........│
8│.........│
9│.........│
—│—————————│
Set/unset mine marks or claim a cell as free: > 1 4 free

 │123456789│
—│—————————│
1│/////////│
2│/////////│
3│/////////│
4│/////////│
5│/////////│
6│/////////│
7│11///////│
8│.1///////│
9│.1///////│
—│—————————│
Set/unset mine marks or claim a cell as free: > 1 8 free

 │123456789│
—│—————————│
1│/////////│
2│/////////│
3│/////////│
4│/////////│
5│/////////│
6│/////////│
7│11///////│
8│X1///////│
9│.1///////│
—│—————————│
You stopped on a mine and failed!
?[1;31m
Start test 18?[0m
How many mines do you want on the field? > 1

 │123456789│
—│—————————│
1│.........│
2│.........│
3│.........│
4│.........│
5│.........│
6│.........│
7│.........│
8│.........│
9│.........│
—│—————————│
Set/unset mine marks or claim a cell as free: > 5 9 free

 │123456789│
—│—————————│
1│/////////│
2│/////////│
3│/////////│
4│/////////│
5│//////111│
6│//////1..│
7│//////111│
8│/////////│
9│/////////│
—│—————————│
Set/unset mine marks or claim a cell as free: > 8 6 mine

 │123456789│
—│—————————│
1│/////////│
2│/////////│
3│/////////│
4│/////////│
5│//////111│
6│//////1*.│
7│//////111│
8│/////////│
9│/////////│
—│—————————│
Congratulations! You found all the mines!
?[1;31m
Start test 19?[0m
How many mines do you want on the field? > 1

 │123456789│
—│—————————│
1│.........│
2│.........│
3│.........│
4│.........│
5│.........│
6│.........│
7│.........│
8│.........│
9│.........│
—│—————————│
Set/unset mine marks or claim a cell as free: > 6 7 free

 │123456789│
—│—————————│
1│/////////│
2│/////////│
3│//111////│
4│//1.1////│
5│//111////│
6│/////////│
7│/////////│
8│/////////│
9│/////////│
—│—————————│
Congratulations! You found all the mines!
?[1;31m
Start test 20?[0m
How many mines do you want on the field? > 1

 │123456789│
—│—————————│
1│.........│
2│.........│
3│.........│
4│.........│
5│.........│
6│.........│
7│.........│
8│.........│
9│.........│
—│—————————│
Set/unset mine marks or claim a cell as free: > 8 1 free

 │123456789│
—│—————————│
1│.1///////│
2│11///////│
3│/////////│
4│/////////│
5│/////////│
6│/////////│
7│/////////│
8│/////////│
9│/////////│
—│—————————│
Congratulations! You found all the mines!
?[1;31m
Start test 21?[0m
How many mines do you want on the field? > 2

 │123456789│
—│—————————│
1│.........│
2│.........│
3│.........│
4│.........│
5│.........│
6│.........│
7│.........│
8│.........│
9│.........│
—│—————————│
Set/unset mine marks or claim a cell as free: > 3 5 free

 │123456789│
—│—————————│
1│/////////│
2│/////////│
3│/////////│
4│/////////│
5│/////////│
6│/////111/│
7│////12.1/│
8│////1.21/│
9│////1.1//│
—│—————————│
Set/unset mine marks or claim a cell as free: > 6 9 free

 │123456789│
—│—————————│
1│/////////│
2│/////////│
3│/////////│
4│/////////│
5│/////////│
6│/////111/│
7│////12.1/│
8│////1.21/│
9│////111//│
—│—————————│
Congratulations! You found all the mines!
?[1;31m
Start test 22?[0m
How many mines do you want on the field? > 2

 │123456789│
—│—————————│
1│.........│
2│.........│
3│.........│
4│.........│
5│.........│
6│.........│
7│.........│
8│.........│
9│.........│
—│—————————│
Set/unset mine marks or claim a cell as free: > 4 4 free

 │123456789│
—│—————————│
1│///1.1///│
2│///111///│
3│/////////│
4│/////////│
5│/////////│
6│/////////│
7│/////////│
8│/111/////│
9│/1.1/////│
—│—————————│
Congratulations! You found all the mines!
?[1;31m
Start test 23?[0m
How many mines do you want on the field? > 2

 │123456789│
—│—————————│
1│.........│
2│.........│
3│.........│
4│.........│
5│.........│
6│.........│
7│.........│
8│.........│
9│.........│
—│—————————│
Set/unset mine marks or claim a cell as free: > 4 5 mine

 │123456789│
—│—————————│
1│.........│
2│.........│
3│.........│
4│.........│
5│...*.....│
6│.........│
7│.........│
8│.........│
9│.........│
—│—————————│
Set/unset mine marks or claim a cell as free: > 4 5 mine

 │123456789│
—│—————————│
1│.........│
2│.........│
3│.........│
4│.........│
5│.........│
6│.........│
7│.........│
8│.........│
9│.........│
—│—————————│
Set/unset mine marks or claim a cell as free: > 1 6 mine

 │123456789│
—│—————————│
1│.........│
2│.........│
3│.........│
4│.........│
5│.........│
6│*........│
7│.........│
8│.........│
9│.........│
—│—————————│
Set/unset mine marks or claim a cell as free: > 8 6 free

 │123456789│
—│—————————│
1│/////////│
2│/////////│
3│///111///│
4│///1.1///│
5│///111///│
6│11///////│
7│.1///////│
8│11///////│
9│/////////│
—│—————————│
Congratulations! You found all the mines!
?[1;31m
Start test 24?[0m
How many mines do you want on the field? > 2

 │123456789│
—│—————————│
1│.........│
2│.........│
3│.........│
4│.........│
5│.........│
6│.........│
7│.........│
8│.........│
9│.........│
—│—————————│
Set/unset mine marks or claim a cell as free: > 5 9 mine

 │123456789│
—│—————————│
1│.........│
2│.........│
3│.........│
4│.........│
5│.........│
6│.........│
7│.........│
8│.........│
9│....*....│
—│—————————│
Set/unset mine marks or claim a cell as free: > 5 9 mine

 │123456789│
—│—————————│
1│.........│
2│.........│
3│.........│
4│.........│
5│.........│
6│.........│
7│.........│
8│.........│
9│.........│
—│—————————│
Set/unset mine marks or claim a cell as free: > 8 8 free

 │123456789│
—│—————————│
1│///1.1///│
2│///1.1///│
3│///2.2///│
4│///1.1///│
5│///111///│
6│/////////│
7│/////////│
8│/////////│
9│/////////│
—│—————————│
Set/unset mine marks or claim a cell as free: > 5 3 mine

 │123456789│
—│—————————│
1│///1.1///│
2│///1.1///│
3│///2*2///│
4│///1.1///│
5│///111///│
6│/////////│
7│/////////│
8│/////////│
9│/////////│
—│—————————│
Set/unset mine marks or claim a cell as free: > 5 3 mine

 │123456789│
—│—————————│
1│///1.1///│
2│///1.1///│
3│///2.2///│
4│///1.1///│
5│///111///│
6│/////////│
7│/////////│
8│/////////│
9│/////////│
—│—————————│
Set/unset mine marks or claim a cell as free: > 5 1 mine

 │123456789│
—│—————————│
1│///1*1///│
2│///1.1///│
3│///2.2///│
4│///1.1///│
5│///111///│
6│/////////│
7│/////////│
8│/////////│
9│/////////│
—│—————————│
Set/unset mine marks or claim a cell as free: > 5 1 mine

 │123456789│
—│—————————│
1│///1.1///│
2│///1.1///│
3│///2.2///│
4│///1.1///│
5│///111///│
6│/////////│
7│/////////│
8│/////////│
9│/////////│
—│—————————│
Set/unset mine marks or claim a cell as free: > 5 2 free

 │123456789│
—│—————————│
1│///1.1///│
2│///1X1///│
3│///2.2///│
4│///1X1///│
5│///111///│
6│/////////│
7│/////////│
8│/////////│
9│/////////│
—│—————————│
You stopped on a mine and failed!
?[1;31m
Start test 25?[0m
How many mines do you want on the field? > 2

 │123456789│
—│—————————│
1│.........│
2│.........│
3│.........│
4│.........│
5│.........│
6│.........│
7│.........│
8│.........│
9│.........│
—│—————————│
Set/unset mine marks or claim a cell as free: > 3 8 free

 │123456789│
—│—————————│
1│/////1.1/│
2│/////1.1/│
3│/////111/│
4│/////////│
5│/////////│
6│/////////│
7│/////////│
8│11///////│
9│.1///////│
—│—————————│
Set/unset mine marks or claim a cell as free: > 7 1 free

 │123456789│
—│—————————│
1│/////111/│
2│/////1.1/│
3│/////111/│
4│/////////│
5│/////////│
6│/////////│
7│/////////│
8│11///////│
9│.1///////│
—│—————————│
Congratulations! You found all the mines!
?[1;31m
Start test 26?[0m
How many mines do you want on the field? > 2

 │123456789│
—│—————————│
1│.........│
2│.........│
3│.........│
4│.........│
5│.........│
6│.........│
7│.........│
8│.........│
9│.........│
—│—————————│
Set/unset mine marks or claim a cell as free: > 8 4 mine

 │123456789│
—│—————————│
1│.........│
2│.........│
3│.........│
4│.......*.│
5│.........│
6│.........│
7│.........│
8│.........│
9│.........│
—│—————————│
Set/unset mine marks or claim a cell as free: > 8 4 mine

 │123456789│
—│—————————│
1│.........│
2│.........│
3│.........│
4│.........│
5│.........│
6│.........│
7│.........│
8│.........│
9│.........│
—│—————————│
Set/unset mine marks or claim a cell as free: > 1 8 free

 │123456789│
—│—————————│
1│/////////│
2│/////////│
3│/////////│
4│//111////│
5│//1.1////│
6│//111////│
7│////111//│
8│////1.1//│
9│////1.1//│
—│—————————│
Set/unset mine marks or claim a cell as free: > 4 5 free

 │123456789│
—│—————————│
1│/////////│
2│/////////│
3│/////////│
4│//111////│
5│//1X1////│
6│//111////│
7│////111//│
8│////1X1//│
9│////1.1//│
—│—————————│
You stopped on a mine and failed!
?[1;31m
Start test 27?[0m
How many mines do you want on the field? > 2

 │123456789│
—│—————————│
1│.........│
2│.........│
3│.........│
4│.........│
5│.........│
6│.........│
7│.........│
8│.........│
9│.........│
—│—————————│
Set/unset mine marks or claim a cell as free: > 6 1 free

 │123456789│
—│—————————│
1│/////////│
2│/////////│
3│//1221///│
4│//1..1///│
5│//1221///│
6│/////////│
7│/////////│
8│/////////│
9│/////////│
—│—————————│
Congratulations! You found all the mines!
?[1;31m
Start test 28?[0m
How many mines do you want on the field? > 2

 │123456789│
—│—————————│
1│.........│
2│.........│
3│.........│
4│.........│
5│.........│
6│.........│
7│.........│
8│.........│
9│.........│
—│—————————│
Set/unset mine marks or claim a cell as free: > 4 4 mine

 │123456789│
—│—————————│
1│.........│
2│.........│
3│.........│
4│...*.....│
5│.........│
6│.........│
7│.........│
8│.........│
9│.........│
—│—————————│
Set/unset mine marks or claim a cell as free: > 8 5 free

 │123456789│
—│—————————│
1│///1.1///│
2│///111///│
3│/////////│
4│111//////│
5│..1//////│
6│111//////│
7│/////////│
8│/////////│
9│/////////│
—│—————————│
Set/unset mine marks or claim a cell as free: > 5 1 mine

 │123456789│
—│—————————│
1│///1*1///│
2│///111///│
3│/////////│
4│111//////│
5│..1//////│
6│111//////│
7│/////////│
8│/////////│
9│/////////│
—│—————————│
Set/unset mine marks or claim a cell as free: > 2 5 free

 │123456789│
—│—————————│
1│///1.1///│
2│///111///│
3│/////////│
4│111//////│
5│.X1//////│
6│111//////│
7│/////////│
8│/////////│
9│/////////│
—│—————————│
You stopped on a mine and failed!
?[1;31m
Start test 29?[0m
How many mines do you want on the field? > 2

 │123456789│
—│—————————│
1│.........│
2│.........│
3│.........│
4│.........│
5│.........│
6│.........│
7│.........│
8│.........│
9│.........│
—│—————————│
Set/unset mine marks or claim a cell as free: > 4 5 mine

 │123456789│
—│—————————│
1│.........│
2│.........│
3│.........│
4│.........│
5│...*.....│
6│.........│
7│.........│
8│.........│
9│.........│
—│—————————│
Set/unset mine marks or claim a cell as free: > 4 2 free

 │123456789│
—│—————————│
1│/////////│
2│///////11│
3│///////1.│
4│11/////11│
5│.1///////│
6│11///////│
7│/////////│
8│/////////│
9│/////////│
—│—————————│
Congratulations! You found all the mines!
?[1;31m
Start test 30?[0m
How many mines do you want on the field? > 2

 │123456789│
—│—————————│
1│.........│
2│.........│
3│.........│
4│.........│
5│.........│
6│.........│
7│.........│
8│.........│
9│.........│
—│—————————│
Set/unset mine marks or claim a cell as free: > 3 3 free

 │123456789│
—│—————————│
1│/////////│
2│/////////│
3│/////////│
4│/////////│
5│/////////│
6│/////////│
7│////111//│
8│11//1.1//│
9│.1//1.1//│
—│—————————│
Set/unset mine marks or claim a cell as free: > 6 9 free

 │123456789│
—│—————————│
1│/////////│
2│/////////│
3│/////////│
4│/////////│
5│/////////│
6│/////////│
7│////111//│
8│11//1.1//│
9│.1//111//│
—│—————————│
Congratulations! You found all the mines!
?[1;31m
Start test 31?[0m
How many mines do you want on the field? > 2

 │123456789│
—│—————————│
1│.........│
2│.........│
3│.........│
4│.........│
5│.........│
6│.........│
7│.........│
8│.........│
9│.........│
—│—————————│
Set/unset mine marks or claim a cell as free: > 9 6 free

 │123456789│
—│—————————│
1│/////////│
2│/////////│
3│11///////│
4│.1///////│
5│11/111///│
6│///1.1///│
7│///111///│
8│/////////│
9│/////////│
—│—————————│
Congratulations! You found all the mines!
?[1;31m
Start test 32?[0m
How many mines do you want on the field? > 2

 │123456789│
—│—————————│
1│.........│
2│.........│
3│.........│
4│.........│
5│.........│
6│.........│
7│.........│
8│.........│
9│.........│
—│—————————│
Set/unset mine marks or claim a cell as free: > 7 2 free

 │123456789│
—│—————————│
1│/////////│
2│/////////│
3│/////////│
4│/////////│
5│////111//│
6│////1.1//│
7│////111//│
8│11///////│
9│.1///////│
—│—————————│
Congratulations! You found all the mines!
?[1;31m
Start test 33?[0m
How many mines do you want on the field? > 2

 │123456789│
—│—————————│
1│.........│
2│.........│
3│.........│
4│.........│
5│.........│
6│.........│
7│.........│
8│.........│
9│.........│
—│—————————│
Set/unset mine marks or claim a cell as free: > 1 3 mine

 │123456789│
—│—————————│
1│.........│
2│.........│
3│*........│
4│.........│
5│.........│
6│.........│
7│.........│
8│.........│
9│.........│
—│—————————│
Set/unset mine marks or claim a cell as free: > 4 2 free

 │123456789│
—│—————————│
1│/////////│
2│/////////│
3│/////////│
4│/////////│
5│/////////│
6│11///////│
7│.1///111/│
8│11///1.1/│
9│/////1.1/│
—│—————————│
Set/unset mine marks or claim a cell as free: > 1 7 free

 │123456789│
—│—————————│
1│/////////│
2│/////////│
3│/////////│
4│/////////│
5│/////////│
6│11///////│
7│X1///111/│
8│11///1X1/│
9│/////1.1/│
—│—————————│
You stopped on a mine and failed!
?[1;31m
Start test 34?[0m
How many mines do you want on the field? > 2

 │123456789│
—│—————————│
1│.........│
2│.........│
3│.........│
4│.........│
5│.........│
6│.........│
7│.........│
8│.........│
9│.........│
—│—————————│
Set/unset mine marks or claim a cell as free: > 7 9 free

 │123456789│
—│—————————│
1│/////1.1/│
2│11///111/│
3│.1///////│
4│11///////│
5│/////////│
6│/////////│
7│/////////│
8│/////////│
9│/////////│
—│—————————│
Congratulations! You found all the mines!
?[1;31m
Start test 35?[0m
How many mines do you want on the field? > 2

 │123456789│
—│—————————│
1│.........│
2│.........│
3│.........│
4│.........│
5│.........│
6│.........│
7│.........│
8│.........│
9│.........│
—│—————————│
Set/unset mine marks or claim a cell as free: > 4 8 free

 │123456789│
—│—————————│
1│/////////│
2│/////////│
3│/////////│
4│//////111│
5│//////1..│
6│//////12.│
7│///////11│
8│/////////│
9│/////////│
—│—————————│
Set/unset mine marks or claim a cell as free: > 8 5 mine

 │123456789│
—│—————————│
1│/////////│
2│/////////│
3│/////////│
4│//////111│
5│//////1*.│
6│//////12.│
7│///////11│
8│/////////│
9│/////////│
—│—————————│
Set/unset mine marks or claim a cell as free: > 9 5 mine

 │123456789│
—│—————————│
1│/////////│
2│/////////│
3│/////////│
4│//////111│
5│//////1**│
6│//////12.│
7│///////11│
8│/////////│
9│/////////│
—│—————————│
Set/unset mine marks or claim a cell as free: > 9 6 free

 │123456789│
—│—————————│
1│/////////│
2│/////////│
3│/////////│
4│//////111│
5│//////1.*│
6│//////12X│
7│///////11│
8│/////////│
9│/////////│
—│—————————│
You stopped on a mine and failed!
?[1;31m
Start test 36?[0m
How many mines do you want on the field? > 2

 │123456789│
—│—————————│
1│.........│
2│.........│
3│.........│
4│.........│
5│.........│
6│.........│
7│.........│
8│.........│
9│.........│
—│—————————│
Set/unset mine marks or claim a cell as free: > 7 3 free

 │123456789│
—│—————————│
1│..1//////│
2│111//////│
3│/////////│
4│/////////│
5│/////////│
6│//////111│
7│//////1..│
8│//////111│
9│/////////│
—│—————————│
Set/unset mine marks or claim a cell as free: > 8 7 mine

 │123456789│
—│—————————│
1│..1//////│
2│111//////│
3│/////////│
4│/////////│
5│/////////│
6│//////111│
7│//////1*.│
8│//////111│
9│/////////│
—│—————————│
Set/unset mine marks or claim a cell as free: > 2 1 mine

 │123456789│
—│—————————│
1│.*1//////│
2│111//////│
3│/////////│
4│/////////│
5│/////////│
6│//////111│
7│//////1*.│
8│//////111│
9│/////////│
—│—————————│
Congratulations! You found all the mines!
?[1;31m
Start test 37?[0m
How many mines do you want on the field? > 2

 │123456789│
—│—————————│
1│.........│
2│.........│
3│.........│
4│.........│
5│.........│
6│.........│
7│.........│
8│.........│
9│.........│
—│—————————│
Set/unset mine marks or claim a cell as free: > 4 2 free

 │123456789│
—│—————————│
1│..1////1.│
2│..1////1.│
3│111////11│
4│/////////│
5│/////////│
6│/////////│
7│/////////│
8│/////////│
9│/////////│
—│—————————│
Set/unset mine marks or claim a cell as free: > 9 2 mine

 │123456789│
—│—————————│
1│..1////1.│
2│..1////1*│
3│111////11│
4│/////////│
5│/////////│
6│/////////│
7│/////////│
8│/////////│
9│/////////│
—│—————————│
Set/unset mine marks or claim a cell as free: > 9 2 mine

 │123456789│
—│—————————│
1│..1////1.│
2│..1////1.│
3│111////11│
4│/////////│
5│/////////│
6│/////////│
7│/////////│
8│/////////│
9│/////////│
—│—————————│
Set/unset mine marks or claim a cell as free: > 9 1 free

 │123456789│
—│—————————│
1│..1////11│
2│..1////1.│
3│111////11│
4│/////////│
5│/////////│
6│/////////│
7│/////////│
8│/////////│
9│/////////│
—│—————————│
Set/unset mine marks or claim a cell as free: > 9 2 free

 │123456789│
—│—————————│
1│..1////11│
2│.X1////1X│
3│111////11│
4│/////////│
5│/////////│
6│/////////│
7│/////////│
8│/////////│
9│/////////│
—│—————————│
You stopped on a mine and failed!
?[1;31m
Start test 38?[0m
How many mines do you want on the field? > 2

 │123456789│
—│—————————│
1│.........│
2│.........│
3│.........│
4│.........│
5│.........│
6│.........│
7│.........│
8│.........│
9│.........│
—│—————————│
Set/unset mine marks or claim a cell as free: > 6 1 free

 │123456789│
—│—————————│
1│/////////│
2│//////111│
3│////112..│
4│////1.211│
5│////111//│
6│/////////│
7│/////////│
8│/////////│
9│/////////│
—│—————————│
Set/unset mine marks or claim a cell as free: > 9 3 free

 │123456789│
—│—————————│
1│/////////│
2│//////111│
3│////112.1│
4│////1.211│
5│////111//│
6│/////////│
7│/////////│
8│/////////│
9│/////////│
—│—————————│
Congratulations! You found all the mines!
?[1;31m
Start test 39?[0m
How many mines do you want on the field? > 2

 │123456789│
—│—————————│
1│.........│
2│.........│
3│.........│
4│.........│
5│.........│
6│.........│
7│.........│
8│.........│
9│.........│
—│—————————│
Set/unset mine marks or claim a cell as free: > 2 8 free

 │123456789│
—│—————————│
1│///1.1///│
2│///111///│
3│/////////│
4│///111///│
5│///1.1///│
6│///111///│
7│/////////│
8│/////////│
9│/////////│
—│—————————│
Congratulations! You found all the mines!
?[1;31m
Start test 40?[0m
How many mines do you want on the field? > 2

 │123456789│
—│—————————│
1│.........│
2│.........│
3│.........│
4│.........│
5│.........│
6│.........│
7│.........│
8│.........│
9│.........│
—│—————————│
Set/unset mine marks or claim a cell as free: > 2 1 free

 │123456789│
—│—————————│
1│/////////│
2│/////////│
3│/////////│
4│///111///│
5│///1.1///│
6│///111///│
7│/////////│
8│/////111/│
9│/////1.1/│
—│—————————│
Congratulations! You found all the mines!
?[1;31m
Start test 41?[0m
How many mines do you want on the field? > 3

 │123456789│
—│—————————│
1│.........│
2│.........│
3│.........│
4│.........│
5│.........│
6│.........│
7│.........│
8│.........│
9│.........│
—│—————————│
Set/unset mine marks or claim a cell as free: > 6 5 free

 │123456789│
—│—————————│
1│.1///1.1/│
2│11//12.1/│
3│////1.21/│
4│////111//│
5│/////////│
6│/////////│
7│/////////│
8│/////////│
9│/////////│
—│—————————│
Set/unset mine marks or claim a cell as free: > 7 2 free

 │123456789│
—│—————————│
1│X1///1.1/│
2│11//12X1/│
3│////1X21/│
4│////111//│
5│/////////│
6│/////////│
7│/////////│
8│/////////│
9│/////////│
—│—————————│
You stopped on a mine and failed!
?[1;31m
Start test 42?[0m
How many mines do you want on the field? > 3

 │123456789│
—│—————————│
1│.........│
2│.........│
3│.........│
4│.........│
5│.........│
6│.........│
7│.........│
8│.........│
9│.........│
—│—————————│
Set/unset mine marks or claim a cell as free: > 3 4 free

 │123456789│
—│—————————│
1│/////////│
2│/////////│
3│/////////│
4│//////111│
5│//////2..│
6│//////2..│
7│///1111..│
8│///1.....│
9│///1.....│
—│—————————│
Set/unset mine marks or claim a cell as free: > 9 9 free

 │123456789│
—│—————————│
1│/////////│
2│/////////│
3│/////////│
4│//////111│
5│//////2..│
6│//////2..│
7│///111111│
8│///1.1///│
9│///1.1///│
—│—————————│
Set/unset mine marks or claim a cell as free: > 8 6 free

 │123456789│
—│—————————│
1│/////////│
2│/////////│
3│/////////│
4│//////111│
5│//////2X.│
6│//////2X.│
7│///111111│
8│///1X1///│
9│///1.1///│
—│—————————│
You stopped on a mine and failed!
?[1;31m
Start test 43?[0m
How many mines do you want on the field? > 3

 │123456789│
—│—————————│
1│.........│
2│.........│
3│.........│
4│.........│
5│.........│
6│.........│
7│.........│
8│.........│
9│.........│
—│—————————│
Set/unset mine marks or claim a cell as free: > 9 7 free

 │123456789│
—│—————————│
1│/////////│
2│/////////│
3│/////111/│
4│/////1.1/│
5│111//111/│
6│..2//////│
7│..2//////│
8│111//////│
9│/////////│
—│—————————│
Set/unset mine marks or claim a cell as free: > 2 6 free

 │123456789│
—│—————————│
1│/////////│
2│/////////│
3│/////111/│
4│/////1X1/│
5│111//111/│
6│.X2//////│
7│.X2//////│
8│111//////│
9│/////////│
—│—————————│
You stopped on a mine and failed!
?[1;31m
Start test 44?[0m
How many mines do you want on the field? > 3

 │123456789│
—│—————————│
1│.........│
2│.........│
3│.........│
4│.........│
5│.........│
6│.........│
7│.........│
8│.........│
9│.........│
—│—————————│
Set/unset mine marks or claim a cell as free: > 7 2 free

 │123456789│
—│—————————│
1│///////1.│
2│///////11│
3│111//////│
4│..1//////│
5│.21//////│
6│11///////│
7│/////////│
8│/////////│
9│/////////│
—│—————————│
Set/unset mine marks or claim a cell as free: > 2 4 free

 │123456789│
—│—————————│
1│///////1X│
2│///////11│
3│111//////│
4│.X1//////│
5│X21//////│
6│11///////│
7│/////////│
8│/////////│
9│/////////│
—│—————————│
You stopped on a mine and failed!
?[1;31m
Start test 45?[0m
How many mines do you want on the field? > 3

 │123456789│
—│—————————│
1│.........│
2│.........│
3│.........│
4│.........│
5│.........│
6│.........│
7│.........│
8│.........│
9│.........│
—│—————————│
Set/unset mine marks or claim a cell as free: > 3 4 free

 │123456789│
—│—————————│
1│.........│
2│.........│
3│.........│
4│..1......│
5│.........│
6│.........│
7│.........│
8│.........│
9│.........│
—│—————————│
Set/unset mine marks or claim a cell as free: > 7 1 mine

 │123456789│
—│—————————│
1│......*..│
2│.........│
3│.........│
4│..1......│
5│.........│
6│.........│
7│.........│
8│.........│
9│.........│
—│—————————│
Set/unset mine marks or claim a cell as free: > 6 2 free

 │123456789│
—│—————————│
1│..1//////│
2│1221/////│
3│/1.1/111/│
4│/111/1.1/│
5│/////111/│
6│/////////│
7│/////////│
8│/////////│
9│/////////│
—│—————————│
Set/unset mine marks or claim a cell as free: > 1 1 free

 │123456789│
—│—————————│
1│1.1//////│
2│1221/////│
3│/1.1/111/│
4│/111/1.1/│
5│/////111/│
6│/////////│
7│/////////│
8│/////////│
9│/////////│
—│—————————│
Congratulations! You found all the mines!
?[1;31m
Start test 46?[0m
How many mines do you want on the field? > 3

 │123456789│
—│—————————│
1│.........│
2│.........│
3│.........│
4│.........│
5│.........│
6│.........│
7│.........│
8│.........│
9│.........│
—│—————————│
Set/unset mine marks or claim a cell as free: > 5 7 mine

 │123456789│
—│—————————│
1│.........│
2│.........│
3│.........│
4│.........│
5│.........│
6│.........│
7│....*....│
8│.........│
9│.........│
—│—————————│
Set/unset mine marks or claim a cell as free: > 7 3 mine

 │123456789│
—│—————————│
1│.........│
2│.........│
3│......*..│
4│.........│
5│.........│
6│.........│
7│....*....│
8│.........│
9│.........│
—│—————————│
Set/unset mine marks or claim a cell as free: > 4 5 free

 │123456789│
—│—————————│
1│.1///////│
2│.1///////│
3│11///////│
4│/////////│
5│/////////│
6│/////////│
7│/////111/│
8│/////2.2/│
9│/////2.2/│
—│—————————│
Set/unset mine marks or claim a cell as free: > 7 8 mine

 │123456789│
—│—————————│
1│.1///////│
2│.1///////│
3│11///////│
4│/////////│
5│/////////│
6│/////////│
7│/////111/│
8│/////2*2/│
9│/////2.2/│
—│—————————│
Set/unset mine marks or claim a cell as free: > 1 1 mine

 │123456789│
—│—————————│
1│*1///////│
2│.1///////│
3│11///////│
4│/////////│
5│/////////│
6│/////////│
7│/////111/│
8│/////2*2/│
9│/////2.2/│
—│—————————│
Set/unset mine marks or claim a cell as free: > 7 8 mine

 │123456789│
—│—————————│
1│*1///////│
2│.1///////│
3│11///////│
4│/////////│
5│/////////│
6│/////////│
7│/////111/│
8│/////2.2/│
9│/////2.2/│
—│—————————│
Set/unset mine marks or claim a cell as free: > 1 2 free

 │123456789│
—│—————————│
1│*1///////│
2│X1///////│
3│11///////│
4│/////////│
5│/////////│
6│/////////│
7│/////111/│
8│/////2X2/│
9│/////2X2/│
—│—————————│
You stopped on a mine and failed!
?[1;31m
Start test 47?[0m
How many mines do you want on the field? > 3

 │123456789│
—│—————————│
1│.........│
2│.........│
3│.........│
4│.........│
5│.........│
6│.........│
7│.........│
8│.........│
9│.........│
—│—————————│
Set/unset mine marks or claim a cell as free: > 6 3 free

 │123456789│
—│—————————│
1│////1.1//│
2│////111//│
3│/////////│
4│/////////│
5│111//////│
6│..1111///│
7│1111.1///│
8│///111///│
9│/////////│
—│—————————│
Set/unset mine marks or claim a cell as free: > 2 6 mine

 │123456789│
—│—————————│
1│////1.1//│
2│////111//│
3│/////////│
4│/////////│
5│111//////│
6│.*1111///│
7│1111.1///│
8│///111///│
9│/////////│
—│—————————│
Set/unset mine marks or claim a cell as free: > 2 6 mine

 │123456789│
—│—————————│
1│////1.1//│
2│////111//│
3│/////////│
4│/////////│
5│111//////│
6│..1111///│
7│1111.1///│
8│///111///│
9│/////////│
—│—————————│
Set/unset mine marks or claim a cell as free: > 1 6 free

 │123456789│
—│—————————│
1│////1.1//│
2│////111//│
3│/////////│
4│/////////│
5│111//////│
6│1.1111///│
7│1111.1///│
8│///111///│
9│/////////│
—│—————————│
Congratulations! You found all the mines!
?[1;31m
Start test 48?[0m
How many mines do you want on the field? > 3

 │123456789│
—│—————————│
1│.........│
2│.........│
3│.........│
4│.........│
5│.........│
6│.........│
7│.........│
8│.........│
9│.........│
—│—————————│
Set/unset mine marks or claim a cell as free: > 9 4 free

 │123456789│
—│—————————│
1│///1.1///│
2│///1.1///│
3│///111///│
4│/////////│
5│//////111│
6│//////1..│
7│/////12..│
8│/////1...│
9│/////1...│
—│—————————│
Set/unset mine marks or claim a cell as free: > 8 6 mine

 │123456789│
—│—————————│
1│///1.1///│
2│///1.1///│
3│///111///│
4│/////////│
5│//////111│
6│//////1*.│
7│/////12..│
8│/////1...│
9│/////1...│
—│—————————│
Set/unset mine marks or claim a cell as free: > 8 6 mine

 │123456789│
—│—————————│
1│///1.1///│
2│///1.1///│
3│///111///│
4│/////////│
5│//////111│
6│//////1..│
7│/////12..│
8│/////1...│
9│/////1...│
—│—————————│
Set/unset mine marks or claim a cell as free: > 9 8 free

 │123456789│
—│—————————│
1│///1.1///│
2│///1.1///│
3│///111///│
4│/////////│
5│//////111│
6│//////1..│
7│/////1221│
8│/////1.1/│
9│/////1.1/│
—│—————————│
Set/unset mine marks or claim a cell as free: > 7 9 free

 │123456789│
—│—————————│
1│///1.1///│
2│///1.1///│
3│///111///│
4│/////////│
5│//////111│
6│//////1..│
7│/////1221│
8│/////1.1/│
9│/////111/│
—│—————————│
Set/unset mine marks or claim a cell as free: > 5 2 mine

 │123456789│
—│—————————│
1│///1.1///│
2│///1*1///│
3│///111///│
4│/////////│
5│//////111│
6│//////1..│
7│/////1221│
8│/////1.1/│
9│/////111/│
—│—————————│
Set/unset mine marks or claim a cell as free: > 9 6 free

 │123456789│
—│—————————│
1│///1.1///│
2│///1*1///│
3│///111///│
4│/////////│
5│//////111│
6│//////1.1│
7│/////1221│
8│/////1.1/│
9│/////111/│
—│—————————│
Set/unset mine marks or claim a cell as free: > 5 1 mine

 │123456789│
—│—————————│
1│///1*1///│
2│///1*1///│
3│///111///│
4│/////////│
5│//////111│
6│//////1.1│
7│/////1221│
8│/////1.1/│
9│/////111/│
—│—————————│
Set/unset mine marks or claim a cell as free: > 7 8 free

 │123456789│
—│—————————│
1│///1*1///│
2│///1.1///│
3│///111///│
4│/////////│
5│//////111│
6│//////1X1│
7│/////1221│
8│/////1X1/│
9│/////111/│
—│—————————│
You stopped on a mine and failed!
?[1;31m
Start test 49?[0m
How many mines do you want on the field? > 3

 │123456789│
—│—————————│
1│.........│
2│.........│
3│.........│
4│.........│
5│.........│
6│.........│
7│.........│
8│.........│
9│.........│
—│—————————│
Set/unset mine marks or claim a cell as free: > 1 8 free

 │123456789│
—│—————————│
1│/////////│
2│/////////│
3│///111///│
4│///1.2111│
5│///12....│
6│////11111│
7│/////////│
8│/////////│
9│/////////│
—│—————————│
Set/unset mine marks or claim a cell as free: > 8 5 free

 │123456789│
—│—————————│
1│/////////│
2│/////////│
3│///111///│
4│///1.2111│
5│///12..1.│
6│////11111│
7│/////////│
8│/////////│
9│/////////│
—│—————————│
Set/unset mine marks or claim a cell as free: > 6 5 free

 │123456789│
—│—————————│
1│/////////│
2│/////////│
3│///111///│
4│///1X2111│
5│///12X.1X│
6│////11111│
7│/////////│
8│/////////│
9│/////////│
—│—————————│
You stopped on a mine and failed!
?[1;31m
Start test 50?[0m
How many mines do you want on the field? > 3

 │123456789│
—│—————————│
1│.........│
2│.........│
3│.........│
4│.........│
5│.........│
6│.........│
7│.........│
8│.........│
9│.........│
—│—————————│
Set/unset mine marks or claim a cell as free: > 3 9 free

 │123456789│
—│—————————│
1│/////////│
2│/////////│
3│111//////│
4│..1//////│
5│111//111/│
6│/////1.1/│
7│////1221/│
8│////1.1//│
9│////1.1//│
—│—————————│
Set/unset mine marks or claim a cell as free: > 1 4 free

 │123456789│
—│—————————│
1│/////////│
2│/////////│
3│111//////│
4│1.1//////│
5│111//111/│
6│/////1.1/│
7│////1221/│
8│////1.1//│
9│////1.1//│
—│—————————│
Set/unset mine marks or claim a cell as free: > 2 4 free

 │123456789│
—│—————————│
1│/////////│
2│/////////│
3│111//////│
4│1X1//////│
5│111//111/│
6│/////1X1/│
7│////1221/│
8│////1X1//│
9│////1.1//│
—│—————————│
You stopped on a mine and failed!
?[1;31m
Start test 51?[0m
How many mines do you want on the field? > 3

 │123456789│
—│—————————│
1│.........│
2│.........│
3│.........│
4│.........│
5│.........│
6│.........│
7│.........│
8│.........│
9│.........│
—│—————————│
Set/unset mine marks or claim a cell as free: > 5 5 free

 │123456789│
—│—————————│
1│/////////│
2│/////////│
3│/////////│
4│/////////│
5│11///////│
6│.1////111│
7│11//112..│
8│////1....│
9│////1....│
—│—————————│
Set/unset mine marks or claim a cell as free: > 8 7 mine

 │123456789│
—│—————————│
1│/////////│
2│/////////│
3│/////////│
4│/////////│
5│11///////│
6│.1////111│
7│11//112*.│
8│////1....│
9│////1....│
—│—————————│
Set/unset mine marks or claim a cell as free: > 8 8 free

 │123456789│
—│—————————│
1│/////////│
2│/////////│
3│/////////│
4│/////////│
5│11///////│
6│.1////111│
7│11//112*.│
8│////1..1.│
9│////1....│
—│—————————│
Set/unset mine marks or claim a cell as free: > 7 8 free

 │123456789│
—│—————————│
1│/////////│
2│/////////│
3│/////////│
4│/////////│
5│11///////│
6│.1////111│
7│11//112*.│
8│////1.21.│
9│////1....│
—│—————————│
Set/unset mine marks or claim a cell as free: > 8 7 mine

 │123456789│
—│—————————│
1│/////////│
2│/////////│
3│/////////│
4│/////////│
5│11///////│
6│.1////111│
7│11//112..│
8│////1.21.│
9│////1....│
—│—————————│
Set/unset mine marks or claim a cell as free: > 8 9 free

 │123456789│
—│—————————│
1│/////////│
2│/////////│
3│/////////│
4│/////////│
5│11///////│
6│.1////111│
7│11//112..│
8│////1.211│
9│////1.1//│
—│—————————│
Set/unset mine marks or claim a cell as free: > 8 7 free

 │123456789│
—│—————————│
1│/////////│
2│/////////│
3│/////////│
4│/////////│
5│11///////│
6│X1////111│
7│11//112X.│
8│////1X211│
9│////1.1//│
—│—————————│
You stopped on a mine and failed!
?[1;31m
Start test 52?[0m
How many mines do you want on the field? > 3

 │123456789│
—│—————————│
1│.........│
2│.........│
3│.........│
4│.........│
5│.........│
6│.........│
7│.........│
8│.........│
9│.........│
—│—————————│
Set/unset mine marks or claim a cell as free: > 9 2 mine

 │123456789│
—│—————————│
1│.........│
2│........*│
3│.........│
4│.........│
5│.........│
6│.........│
7│.........│
8│.........│
9│.........│
—│—————————│
Set/unset mine marks or claim a cell as free: > 9 2 mine

 │123456789│
—│—————————│
1│.........│
2│.........│
3│.........│
4│.........│
5│.........│
6│.........│
7│.........│
8│.........│
9│.........│
—│—————————│
Set/unset mine marks or claim a cell as free: > 6 7 mine

 │123456789│
—│—————————│
1│.........│
2│.........│
3│.........│
4│.........│
5│.........│
6│.........│
7│.....*...│
8│.........│
9│.........│
—│—————————│
Set/unset mine marks or claim a cell as free: > 8 5 free

 │123456789│
—│—————————│
1│.1/////1.│
2│11/////11│
3│/////////│
4│/////////│
5│/////////│
6│/////////│
7│/////////│
8│11///////│
9│.1///////│
—│—————————│
Congratulations! You found all the mines!
?[1;31m
Start test 53?[0m
How many mines do you want on the field? > 3

 │123456789│
—│—————————│
1│.........│
2│.........│
3│.........│
4│.........│
5│.........│
6│.........│
7│.........│
8│.........│
9│.........│
—│—————————│
Set/unset mine marks or claim a cell as free: > 9 3 mine

 │123456789│
—│—————————│
1│.........│
2│.........│
3│........*│
4│.........│
5│.........│
6│.........│
7│.........│
8│.........│
9│.........│
—│—————————│
Set/unset mine marks or claim a cell as free: > 9 4 free

 │123456789│
—│—————————│
1│/////////│
2│/////////│
3│/////////│
4│/////////│
5│/////////│
6│////111//│
7│////1.222│
8│////112..│
9│//////1..│
—│—————————│
Set/unset mine marks or claim a cell as free: > 9 8 free

 │123456789│
—│—————————│
1│/////////│
2│/////////│
3│/////////│
4│/////////│
5│/////////│
6│////111//│
7│////1X222│
8│////112XX│
9│//////1..│
—│—————————│
You stopped on a mine and failed!
?[1;31m
Start test 54?[0m
How many mines do you want on the field? > 3

 │123456789│
—│—————————│
1│.........│
2│.........│
3│.........│
4│.........│
5│.........│
6│.........│
7│.........│
8│.........│
9│.........│
—│—————————│
Set/unset mine marks or claim a cell as free: > 6 2 mine

 │123456789│
—│—————————│
1│.........│
2│.....*...│
3│.........│
4│.........│
5│.........│
6│.........│
7│.........│
8│.........│
9│.........│
—│—————————│
Set/unset mine marks or claim a cell as free: > 1 8 free

 │123456789│
—│—————————│
1│/////////│
2│/////111/│
3│/////1.1/│
4│/////2.2/│
5│/////1.1/│
6│/////111/│
7│/////////│
8│/111/////│
9│/1.1/////│
—│—————————│
Set/unset mine marks or claim a cell as free: > 3 9 free

 │123456789│
—│—————————│
1│/////////│
2│/////111/│
3│/////1X1/│
4│/////2.2/│
5│/////1X1/│
6│/////111/│
7│/////////│
8│/111/////│
9│/1X1/////│
—│—————————│
You stopped on a mine and failed!
?[1;31m
Start test 55?[0m
How many mines do you want on the field? > 3

 │123456789│
—│—————————│
1│.........│
2│.........│
3│.........│
4│.........│
5│.........│
6│.........│
7│.........│
8│.........│
9│.........│
—│—————————│
Set/unset mine marks or claim a cell as free: > 1 6 free

 │123456789│
—│—————————│
1│//1.1////│
2│//1.1////│
3│//1221///│
4│///1.1///│
5│/11211///│
6│/1.1/////│
7│/111/////│
8│/////////│
9│/////////│
—│—————————│
Set/unset mine marks or claim a cell as free: > 4 1 free

 │123456789│
—│—————————│
1│//111////│
2│//1.1////│
3│//1221///│
4│///1.1///│
5│/11211///│
6│/1.1/////│
7│/111/////│
8│/////////│
9│/////////│
—│—————————│
Congratulations! You found all the mines!
?[1;31m
Start test 56?[0m
How many mines do you want on the field? > 3

 │123456789│
—│—————————│
1│.........│
2│.........│
3│.........│
4│.........│
5│.........│
6│.........│
7│.........│
8│.........│
9│.........│
—│—————————│
Set/unset mine marks or claim a cell as free: > 9 8 mine

 │123456789│
—│—————————│
1│.........│
2│.........│
3│.........│
4│.........│
5│.........│
6│.........│
7│.........│
8│........*│
9│.........│
—│—————————│
Set/unset mine marks or claim a cell as free: > 4 5 free

 │123456789│
—│—————————│
1│/////////│
2│/////111/│
3│11///1.1/│
4│.1///2.2/│
5│11///1.1/│
6│/////111/│
7│/////////│
8│/////////│
9│/////////│
—│—————————│
Set/unset mine marks or claim a cell as free: > 7 5 free

 │123456789│
—│—————————│
1│/////////│
2│/////111/│
3│11///1X1/│
4│X1///2.2/│
5│11///1X1/│
6│/////111/│
7│/////////│
8│/////////│
9│/////////│
—│—————————│
You stopped on a mine and failed!
?[1;31m
Start test 57?[0m
How many mines do you want on the field? > 3

 │123456789│
—│—————————│
1│.........│
2│.........│
3│.........│
4│.........│
5│.........│
6│.........│
7│.........│
8│.........│
9│.........│
—│—————————│
Set/unset mine marks or claim a cell as free: > 4 5 free

 │123456789│
—│—————————│
1│///1.....│
2│11/1111..│
3│.1////111│
4│11///////│
5│/////////│
6│/////////│
7│/////////│
8│/////////│
9│/////////│
—│—————————│
Set/unset mine marks or claim a cell as free: > 8 1 mine

 │123456789│
—│—————————│
1│///1...*.│
2│11/1111..│
3│.1////111│
4│11///////│
5│/////////│
6│/////////│
7│/////////│
8│/////////│
9│/////////│
—│—————————│
Set/unset mine marks or claim a cell as free: > 8 1 mine

 │123456789│
—│—————————│
1│///1.....│
2│11/1111..│
3│.1////111│
4│11///////│
5│/////////│
6│/////////│
7│/////////│
8│/////////│
9│/////////│
—│—————————│
Set/unset mine marks or claim a cell as free: > 5 1 free

 │123456789│
—│—————————│
1│///1X....│
2│11/1111X.│
3│X1////111│
4│11///////│
5│/////////│
6│/////////│
7│/////////│
8│/////////│
9│/////////│
—│—————————│
You stopped on a mine and failed!
?[1;31m
Start test 58?[0m
How many mines do you want on the field? > 3

 │123456789│
—│—————————│
1│.........│
2│.........│
3│.........│
4│.........│
5│.........│
6│.........│
7│.........│
8│.........│
9│.........│
—│—————————│
Set/unset mine marks or claim a cell as free: > 3 8 free

 │123456789│
—│—————————│
1│.........│
2│.........│
3│.........│
4│.........│
5│.........│
6│.........│
7│.........│
8│..1......│
9│.........│
—│—————————│
Set/unset mine marks or claim a cell as free: > 4 5 free

 │123456789│
—│—————————│
1│/////////│
2│///111///│
3│///1.1///│
4│111111///│
5│..1//////│
6│1221/////│
7│/1.1/////│
8│/111/////│
9│/////////│
—│—————————│
Set/unset mine marks or claim a cell as free: > 5 3 free

 │123456789│
—│—————————│
1│/////////│
2│///111///│
3│///1X1///│
4│111111///│
5│.X1//////│
6│1221/////│
7│/1X1/////│
8│/111/////│
9│/////////│
—│—————————│
You stopped on a mine and failed!
?[1;31m
Start test 59?[0m
How many mines do you want on the field? > 3

 │123456789│
—│—————————│
1│.........│
2│.........│
3│.........│
4│.........│
5│.........│
6│.........│
7│.........│
8│.........│
9│.........│
—│—————————│
Set/unset mine marks or claim a cell as free: > 5 7 free

 │123456789│
—│—————————│
1│//1.1////│
2│//1.1////│
3│//2.2////│
4│//1.1////│
5│//111////│
6│/////////│
7│//////111│
8│//////1..│
9│//////1..│
—│—————————│
Set/unset mine marks or claim a cell as free: > 9 9 mine

 │123456789│
—│—————————│
1│//1.1////│
2│//1.1////│
3│//2.2////│
4│//1.1////│
5│//111////│
6│/////////│
7│//////111│
8│//////1..│
9│//////1.*│
—│—————————│
Set/unset mine marks or claim a cell as free: > 9 9 mine

 │123456789│
—│—————————│
1│//1.1////│
2│//1.1////│
3│//2.2////│
4│//1.1////│
5│//111////│
6│/////////│
7│//////111│
8│//////1..│
9│//////1..│
—│—————————│
Set/unset mine marks or claim a cell as free: > 8 9 mine

 │123456789│
—│—————————│
1│//1.1////│
2│//1.1////│
3│//2.2////│
4│//1.1////│
5│//111////│
6│/////////│
7│//////111│
8│//////1..│
9│//////1*.│
—│—————————│
Set/unset mine marks or claim a cell as free: > 8 8 mine

 │123456789│
—│—————————│
1│//1.1////│
2│//1.1////│
3│//2.2////│
4│//1.1////│
5│//111////│
6│/////////│
7│//////111│
8│//////1*.│
9│//////1*.│
—│—————————│
Set/unset mine marks or claim a cell as free: > 8 8 mine

 │123456789│
—│—————————│
1│//1.1////│
2│//1.1////│
3│//2.2////│
4│//1.1////│
5│//111////│
6│/////////│
7│//////111│
8│//////1..│
9│//////1*.│
—│—————————│
Set/unset mine marks or claim a cell as free: > 4 1 mine

 │123456789│
—│—————————│
1│//1*1////│
2│//1.1////│
3│//2.2////│
4│//1.1////│
5│//111////│
6│/////////│
7│//////111│
8│//////1..│
9│//////1*.│
—│—————————│
Set/unset mine marks or claim a cell as free: > 4 1 mine

 │123456789│
—│—————————│
1│//1.1////│
2│//1.1////│
3│//2.2////│
4│//1.1////│
5│//111////│
6│/////////│
7│//////111│
8│//////1..│
9│//////1*.│
—│—————————│
Set/unset mine marks or claim a cell as free: > 8 8 mine

 │123456789│
—│—————————│
1│//1.1////│
2│//1.1////│
3│//2.2////│
4│//1.1////│
5│//111////│
6│/////////│
7│//////111│
8│//////1*.│
9│//////1*.│
—│—————————│
Set/unset mine marks or claim a cell as free: > 8 9 mine

 │123456789│
—│—————————│
1│//1.1////│
2│//1.1////│
3│//2.2////│
4│//1.1////│
5│//111////│
6│/////////│
7│//////111│
8│//////1*.│
9│//////1..│
—│—————————│
Set/unset mine marks or claim a cell as free: > 4 4 mine

 │123456789│
—│—————————│
1│//1.1////│
2│//1.1////│
3│//2.2////│
4│//1*1////│
5│//111////│
6│/////////│
7│//////111│
8│//////1*.│
9│//////1..│
—│—————————│
Set/unset mine marks or claim a cell as free: > 4 3 free

 │123456789│
—│—————————│
1│//1.1////│
2│//1.1////│
3│//222////│
4│//1*1////│
5│//111////│
6│/////////│
7│//////111│
8│//////1*.│
9│//////1..│
—│—————————│
Set/unset mine marks or claim a cell as free: > 4 1 free

 │123456789│
—│—————————│
1│//111////│
2│//1.1////│
3│//222////│
4│//1*1////│
5│//111////│
6│/////////│
7│//////111│
8│//////1*.│
9│//////1..│
—│—————————│
Set/unset mine marks or claim a cell as free: > 4 2 mine

 │123456789│
—│—————————│
1│//111////│
2│//1*1////│
3│//222////│
4│//1*1////│
5│//111////│
6│/////////│
7│//////111│
8│//////1*.│
9│//////1..│
—│—————————│
Congratulations! You found all the mines!
?[1;31m
Start test 60?[0m
How many mines do you want on the field? > 3

 │123456789│
—│—————————│
1│.........│
2│.........│
3│.........│
4│.........│
5│.........│
6│.........│
7│.........│
8│.........│
9│.........│
—│—————————│
Set/unset mine marks or claim a cell as free: > 8 9 mine

 │123456789│
—│—————————│
1│.........│
2│.........│
3│.........│
4│.........│
5│.........│
6│.........│
7│.........│
8│.........│
9│.......*.│
—│—————————│
Set/unset mine marks or claim a cell as free: > 8 9 mine

 │123456789│
—│—————————│
1│.........│
2│.........│
3│.........│
4│.........│
5│.........│
6│.........│
7│.........│
8│.........│
9│.........│
—│—————————│
Set/unset mine marks or claim a cell as free: > 5 2 free

 │123456789│
—│—————————│
1│/1.1/////│
2│/1.1/////│
3│/111/////│
4│/////////│
5│/////////│
6│////111//│
7│/1111.1//│
8│/1.1111//│
9│/1.1/////│
—│—————————│
Set/unset mine marks or claim a cell as free: > 3 8 mine

 │123456789│
—│—————————│
1│/1.1/////│
2│/1.1/////│
3│/111/////│
4│/////////│
5│/////////│
6│////111//│
7│/1111.1//│
8│/1*1111//│
9│/1.1/////│
—│—————————│
Set/unset mine marks or claim a cell as free: > 3 2 free

 │123456789│
—│—————————│
1│/1.1/////│
2│/1X1/////│
3│/111/////│
4│/////////│
5│/////////│
6│////111//│
7│/1111X1//│
8│/1.1111//│
9│/1.1/////│
—│—————————│
You stopped on a mine and failed!
?[1;31m
Start test 61?[0m
How many mines do you want on the field? > 4

 │123456789│
—│—————————│
1│.........│
2│.........│
3│.........│
4│.........│
5│.........│
6│.........│
7│.........│
8│.........│
9│.........│
—│—————————│
Set/unset mine marks or claim a cell as free: > 1 7 free

 │123456789│
—│—————————│
1│.2////1..│
2│.2////111│
3│.21//////│
4│..1//////│
5│111//////│
6│/////////│
7│/////////│
8│/////////│
9│/////////│
—│—————————│
Set/unset mine marks or claim a cell as free: > 1 3 mine

 │123456789│
—│—————————│
1│.2////1..│
2│.2////111│
3│*21//////│
4│..1//////│
5│111//////│
6│/////////│
7│/////////│
8│/////////│
9│/////////│
—│—————————│
Set/unset mine marks or claim a cell as free: > 1 4 mine

 │123456789│
—│—————————│
1│.2////1..│
2│.2////111│
3│*21//////│
4│*.1//////│
5│111//////│
6│/////////│
7│/////////│
8│/////////│
9│/////////│
—│—————————│
Set/unset mine marks or claim a cell as free: > 1 1 mine

 │123456789│
—│—————————│
1│*2////1..│
2│.2////111│
3│*21//////│
4│*.1//////│
5│111//////│
6│/////////│
7│/////////│
8│/////////│
9│/////////│
—│—————————│
Set/unset mine marks or claim a cell as free: > 1 2 free

 │123456789│
—│—————————│
1│.2////1X.│
2│X2////111│
3│*21//////│
4│*X1//////│
5│111//////│
6│/////////│
7│/////////│
8│/////////│
9│/////////│
—│—————————│
You stopped on a mine and failed!
?[1;31m
Start test 62?[0m
How many mines do you want on the field? > 4

 │123456789│
—│—————————│
1│.........│
2│.........│
3│.........│
4│.........│
5│.........│
6│.........│
7│.........│
8│.........│
9│.........│
—│—————————│
Set/unset mine marks or claim a cell as free: > 5 5 free

 │123456789│
—│—————————│
1│.........│
2│.........│
3│.........│
4│.........│
5│....1....│
6│.........│
7│.........│
8│.........│
9│.........│
—│—————————│
Set/unset mine marks or claim a cell as free: > 2 2 free

 │123456789│
—│—————————│
1│/////////│
2│///111///│
3│1122.1///│
4│....21///│
5│11211////│
6│/////////│
7│/////////│
8│//111////│
9│//1.1////│
—│—————————│
Set/unset mine marks or claim a cell as free: > 2 4 mine

 │123456789│
—│—————————│
1│/////////│
2│///111///│
3│1122.1///│
4│.*..21///│
5│11211////│
6│/////////│
7│/////////│
8│//111////│
9│//1.1////│
—│—————————│
Set/unset mine marks or claim a cell as free: > 4 4 free

 │123456789│
—│—————————│
1│/////////│
2│///111///│
3│1122X1///│
4│...X21///│
5│11211////│
6│/////////│
7│/////////│
8│//111////│
9│//1X1////│
—│—————————│
You stopped on a mine and failed!
?[1;31m
Start test 63?[0m
How many mines do you want on the field? > 4

 │123456789│
—│—————————│
1│.........│
2│.........│
3│.........│
4│.........│
5│.........│
6│.........│
7│.........│
8│.........│
9│.........│
—│—————————│
Set/unset mine marks or claim a cell as free: > 4 8 mine

 │123456789│
—│—————————│
1│.........│
2│.........│
3│.........│
4│.........│
5│.........│
6│.........│
7│.........│
8│...*.....│
9│.........│
—│—————————│
Set/unset mine marks or claim a cell as free: > 4 8 mine

 │123456789│
—│—————————│
1│.........│
2│.........│
3│.........│
4│.........│
5│.........│
6│.........│
7│.........│
8│.........│
9│.........│
—│—————————│
Set/unset mine marks or claim a cell as free: > 9 7 free

 │123456789│
—│—————————│
1│.1/1.....│
2│11/12....│
3│////1....│
4│////112..│
5│//////111│
6│/////////│
7│/////////│
8│/////////│
9│/////////│
—│—————————│
Set/unset mine marks or claim a cell as free: > 6 2 free

 │123456789│
—│—————————│
1│.1/1.....│
2│11/122...│
3│////1....│
4│////112..│
5│//////111│
6│/////////│
7│/////////│
8│/////////│
9│/////////│
—│—————————│
Set/unset mine marks or claim a cell as free: > 9 4 free

 │123456789│
—│—————————│
1│.1/1.....│
2│11/122...│
3│////1....│
4│////112.1│
5│//////111│
6│/////////│
7│/////////│
8│/////////│
9│/////////│
—│—————————│
Set/unset mine marks or claim a cell as free: > 1 1 mine

 │123456789│
—│—————————│
1│*1/1.....│
2│11/122...│
3│////1....│
4│////112.1│
5│//////111│
6│/////////│
7│/////////│
8│/////////│
9│/////////│
—│—————————│
Set/unset mine marks or claim a cell as free: > 9 3 free

 │123456789│
—│—————————│
1│*1/1.....│
2│11/122...│
3│////1...1│
4│////112.1│
5│//////111│
6│/////////│
7│/////////│
8│/////////│
9│/////////│
—│—————————│
Set/unset mine marks or claim a cell as free: > 9 2 mine

 │123456789│
—│—————————│
1│*1/1.....│
2│11/122..*│
3│////1...1│
4│////112.1│
5│//////111│
6│/////////│
7│/////////│
8│/////////│
9│/////////│
—│—————————│
Set/unset mine marks or claim a cell as free: > 8 2 free

 │123456789│
—│—————————│
1│*1/1.1///│
2│11/1221//│
3│////1.211│
4│////112.1│
5│//////111│
6│/////////│
7│/////////│
8│/////////│
9│/////////│
—│—————————│
Congratulations! You found all the mines!
?[1;31m
Start test 64?[0m
How many mines do you want on the field? > 4

 │123456789│
—│—————————│
1│.........│
2│.........│
3│.........│
4│.........│
5│.........│
6│.........│
7│.........│
8│.........│
9│.........│
—│—————————│
Set/unset mine marks or claim a cell as free: > 6 2 free

 │123456789│
—│—————————│
1│.........│
2│.....1...│
3│.........│
4│.........│
5│.........│
6│.........│
7│.........│
8│.........│
9│.........│
—│—————————│
Set/unset mine marks or claim a cell as free: > 7 3 mine

 │123456789│
—│—————————│
1│.........│
2│.....1...│
3│......*..│
4│.........│
5│.........│
6│.........│
7│.........│
8│.........│
9│.........│
—│—————————│
Set/unset mine marks or claim a cell as free: > 1 2 free

 │123456789│
—│—————————│
1│.........│
2│2....1...│
3│......*..│
4│.........│
5│.........│
6│.........│
7│.........│
8│.........│
9│.........│
—│—————————│
Set/unset mine marks or claim a cell as free: > 2 7 free

 │123456789│
—│—————————│
1│.1/1.1///│
2│22/1.1///│
3│.1/111///│
4│11///////│
5│/////////│
6│/////111/│
7│/////1.1/│
8│/////111/│
9│/////////│
—│—————————│
Set/unset mine marks or claim a cell as free: > 5 2 free

 │123456789│
—│—————————│
1│X1/1.1///│
2│22/1X1///│
3│X1/111///│
4│11///////│
5│/////////│
6│/////111/│
7│/////1X1/│
8│/////111/│
9│/////////│
—│—————————│
You stopped on a mine and failed!
?[1;31m
Start test 65?[0m
How many mines do you want on the field? > 4

 │123456789│
—│—————————│
1│.........│
2│.........│
3│.........│
4│.........│
5│.........│
6│.........│
7│.........│
8│.........│
9│.........│
—│—————————│
Set/unset mine marks or claim a cell as free: > 9 9 free

 │123456789│
—│—————————│
1│///////1.│
2│//111//11│
3│//1.1////│
4│//111////│
5│/////111/│
6│////12.1/│
7│////1.21/│
8│////111//│
9│/////////│
—│—————————│
Congratulations! You found all the mines!
?[1;31m
Start test 66?[0m
How many mines do you want on the field? > 4

 │123456789│
—│—————————│
1│.........│
2│.........│
3│.........│
4│.........│
5│.........│
6│.........│
7│.........│
8│.........│
9│.........│
—│—————————│
Set/unset mine marks or claim a cell as free: > 2 5 mine

 │123456789│
—│—————————│
1│.........│
2│.........│
3│.........│
4│.........│
5│.*.......│
6│.........│
7│.........│
8│.........│
9│.........│
—│—————————│
Set/unset mine marks or claim a cell as free: > 7 2 free

 │123456789│
—│—————————│
1│.........│
2│......1..│
3│.........│
4│.........│
5│.*.......│
6│.........│
7│.........│
8│.........│
9│.........│
—│—————————│
Set/unset mine marks or claim a cell as free: > 2 4 free

 │123456789│
—│—————————│
1│/1.1//1..│
2│/1.1//1..│
3│/111/1221│
4│/////1.1/│
5│/////2.2/│
6│/////1.1/│
7│/////111/│
8│/////////│
9│/////////│
—│—————————│
Set/unset mine marks or claim a cell as free: > 7 5 mine

 │123456789│
—│—————————│
1│/1.1//1..│
2│/1.1//1..│
3│/111/1221│
4│/////1.1/│
5│/////2*2/│
6│/////1.1/│
7│/////111/│
8│/////////│
9│/////////│
—│—————————│
Set/unset mine marks or claim a cell as free: > 7 5 mine

 │123456789│
—│—————————│
1│/1.1//1..│
2│/1.1//1..│
3│/111/1221│
4│/////1.1/│
5│/////2.2/│
6│/////1.1/│
7│/////111/│
8│/////////│
9│/////////│
—│—————————│
Set/unset mine marks or claim a cell as free: > 9 1 free

 │123456789│
—│—————————│
1│/1.1//1.1│
2│/1.1//1..│
3│/111/1221│
4│/////1.1/│
5│/////2.2/│
6│/////1.1/│
7│/////111/│
8│/////////│
9│/////////│
—│—————————│
Set/unset mine marks or claim a cell as free: > 9 2 mine

 │123456789│
—│—————————│
1│/1.1//1.1│
2│/1.1//1.*│
3│/111/1221│
4│/////1.1/│
5│/////2.2/│
6│/////1.1/│
7│/////111/│
8│/////////│
9│/////////│
—│—————————│
Set/unset mine marks or claim a cell as free: > 9 2 mine

 │123456789│
—│—————————│
1│/1.1//1.1│
2│/1.1//1..│
3│/111/1221│
4│/////1.1/│
5│/////2.2/│
6│/////1.1/│
7│/////111/│
8│/////////│
9│/////////│
—│—————————│
Set/unset mine marks or claim a cell as free: > 7 5 mine

 │123456789│
—│—————————│
1│/1.1//1.1│
2│/1.1//1..│
3│/111/1221│
4│/////1.1/│
5│/////2*2/│
6│/////1.1/│
7│/////111/│
8│/////////│
9│/////////│
—│—————————│
Set/unset mine marks or claim a cell as free: > 7 5 mine

 │123456789│
—│—————————│
1│/1.1//1.1│
2│/1.1//1..│
3│/111/1221│
4│/////1.1/│
5│/////2.2/│
6│/////1.1/│
7│/////111/│
8│/////////│
9│/////////│
—│—————————│
Set/unset mine marks or claim a cell as free: > 7 6 free

 │123456789│
—│—————————│
1│/1.1//1.1│
2│/1X1//1X.│
3│/111/1221│
4│/////1X1/│
5│/////2.2/│
6│/////1X1/│
7│/////111/│
8│/////////│
9│/////////│
—│—————————│
You stopped on a mine and failed!
?[1;31m
Start test 67?[0m
How many mines do you want on the field? > 4

 │123456789│
—│—————————│
1│.........│
2│.........│
3│.........│
4│.........│
5│.........│
6│.........│
7│.........│
8│.........│
9│.........│
—│—————————│
Set/unset mine marks or claim a cell as free: > 5 9 mine

 │123456789│
—│—————————│
1│.........│
2│.........│
3│.........│
4│.........│
5│.........│
6│.........│
7│.........│
8│.........│
9│....*....│
—│—————————│
Set/unset mine marks or claim a cell as free: > 5 4 free

 │123456789│
—│—————————│
1│.........│
2│.........│
3│.........│
4│....1....│
5│.........│
6│.........│
7│.........│
8│.........│
9│....*....│
—│—————————│
Set/unset mine marks or claim a cell as free: > 2 7 free

 │123456789│
—│—————————│
1│......X..│
2│........X│
3│.........│
4│....1....│
5│....X....│
6│.........│
7│.X.......│
8│.........│
9│....*....│
—│—————————│
You stopped on a mine and failed!
?[1;31m
Start test 68?[0m
How many mines do you want on the field? > 4

 │123456789│
—│—————————│
1│.........│
2│.........│
3│.........│
4│.........│
5│.........│
6│.........│
7│.........│
8│.........│
9│.........│
—│—————————│
Set/unset mine marks or claim a cell as free: > 7 4 mine

 │123456789│
—│—————————│
1│.........│
2│.........│
3│.........│
4│......*..│
5│.........│
6│.........│
7│.........│
8│.........│
9│.........│
—│—————————│
Set/unset mine marks or claim a cell as free: > 5 9 free

 │123456789│
—│—————————│
1│.1///////│
2│.1///////│
3│.211/////│
4│...1/////│
5│..21/////│
6│111//////│
7│/////////│
8│111//////│
9│..1//////│
—│—————————│
Set/unset mine marks or claim a cell as free: > 2 9 free

 │123456789│
—│—————————│
1│.1///////│
2│X1///////│
3│.211/////│
4│..X1/////│
5│.X21/////│
6│111//////│
7│/////////│
8│111//////│
9│.X1//////│
—│—————————│
You stopped on a mine and failed!
?[1;31m
Start test 69?[0m
How many mines do you want on the field? > 4

 │123456789│
—│—————————│
1│.........│
2│.........│
3│.........│
4│.........│
5│.........│
6│.........│
7│.........│
8│.........│
9│.........│
—│—————————│
Set/unset mine marks or claim a cell as free: > 8 6 mine

 │123456789│
—│—————————│
1│.........│
2│.........│
3│.........│
4│.........│
5│.........│
6│.......*.│
7│.........│
8│.........│
9│.........│
—│—————————│
Set/unset mine marks or claim a cell as free: > 3 9 free

 │123456789│
—│—————————│
1│/////////│
2│/////////│
3│/111/////│
4│12.1/////│
5│.211/////│
6│11/////11│
7│///////2.│
8│///////2.│
9│///////1.│
—│—————————│
Set/unset mine marks or claim a cell as free: > 9 8 mine

 │123456789│
—│—————————│
1│/////////│
2│/////////│
3│/111/////│
4│12.1/////│
5│.211/////│
6│11/////11│
7│///////2.│
8│///////2*│
9│///////1.│
—│—————————│
Set/unset mine marks or claim a cell as free: > 9 9 free

 │123456789│
—│—————————│
1│/////////│
2│/////////│
3│/111/////│
4│12.1/////│
5│.211/////│
6│11/////11│
7│///////2.│
8│///////2*│
9│///////11│
—│—————————│
Congratulations! You found all the mines!
?[1;31m
Start test 70?[0m
How many mines do you want on the field? > 4

 │123456789│
—│—————————│
1│.........│
2│.........│
3│.........│
4│.........│
5│.........│
6│.........│
7│.........│
8│.........│
9│.........│
—│—————————│
Set/unset mine marks or claim a cell as free: > 6 6 mine

 │123456789│
—│—————————│
1│.........│
2│.........│
3│.........│
4│.........│
5│.........│
6│.....*...│
7│.........│
8│.........│
9│.........│
—│—————————│
Set/unset mine marks or claim a cell as free: > 2 8 free

 │123456789│
—│—————————│
1│/////////│
2│/////////│
3│11/////11│
4│.1/////1.│
5│11/////11│
6│//111////│
7│//1.1////│
8│//11211//│
9│////1.1//│
—│—————————│
Congratulations! You found all the mines!
?[1;31m
Start test 71?[0m
How many mines do you want on the field? > 4

 │123456789│
—│—————————│
1│.........│
2│.........│
3│.........│
4│.........│
5│.........│
6│.........│
7│.........│
8│.........│
9│.........│
—│—————————│
Set/unset mine marks or claim a cell as free: > 7 2 free

 │123456789│
—│—————————│
1│..1//////│
2│..1//////│
3│221//////│
4│/////////│
5│/////////│
6│/////////│
7│///111///│
8│//12.1///│
9│//1..1///│
—│—————————│
Set/unset mine marks or claim a cell as free: > 5 8 mine

 │123456789│
—│—————————│
1│..1//////│
2│..1//////│
3│221//////│
4│/////////│
5│/////////│
6│/////////│
7│///111///│
8│//12*1///│
9│//1..1///│
—│—————————│
Set/unset mine marks or claim a cell as free: > 1 1 free

 │123456789│
—│—————————│
1│2.1//////│
2│..1//////│
3│221//////│
4│/////////│
5│/////////│
6│/////////│
7│///111///│
8│//12*1///│
9│//1..1///│
—│—————————│
Set/unset mine marks or claim a cell as free: > 1 2 free

 │123456789│
—│—————————│
1│2.1//////│
2│XX1//////│
3│221//////│
4│/////////│
5│/////////│
6│/////////│
7│///111///│
8│//12.1///│
9│//1X.1///│
—│—————————│
You stopped on a mine and failed!
?[1;31m
Start test 72?[0m
How many mines do you want on the field? > 4

 │123456789│
—│—————————│
1│.........│
2│.........│
3│.........│
4│.........│
5│.........│
6│.........│
7│.........│
8│.........│
9│.........│
—│—————————│
Set/unset mine marks or claim a cell as free: > 7 3 mine

 │123456789│
—│—————————│
1│.........│
2│.........│
3│......*..│
4│.........│
5│.........│
6│.........│
7│.........│
8│.........│
9│.........│
—│—————————│
Set/unset mine marks or claim a cell as free: > 8 9 free

 │123456789│
—│—————————│
1│//1....1/│
2│//1111.1/│
3│/////111/│
4│/////////│
5│///////11│
6│///////1.│
7│///////11│
8│/111/////│
9│/1.1/////│
—│—————————│
Set/unset mine marks or claim a cell as free: > 7 1 free

 │123456789│
—│—————————│
1│//1...11/│
2│//1111.1/│
3│/////111/│
4│/////////│
5│///////11│
6│///////1.│
7│///////11│
8│/111/////│
9│/1.1/////│
—│—————————│
Set/unset mine marks or claim a cell as free: > 5 1 free

 │123456789│
—│—————————│
1│//1.1.11/│
2│//1111.1/│
3│/////111/│
4│/////////│
5│///////11│
6│///////1.│
7│///////11│
8│/111/////│
9│/1.1/////│
—│—————————│
Set/unset mine marks or claim a cell as free: > 3 9 free

 │123456789│
—│—————————│
1│//1X1.11/│
2│//1111X1/│
3│/////111/│
4│/////////│
5│///////11│
6│///////1X│
7│///////11│
8│/111/////│
9│/1X1/////│
—│—————————│
You stopped on a mine and failed!
?[1;31m
Start test 73?[0m
How many mines do you want on the field? > 4

 │123456789│
—│—————————│
1│.........│
2│.........│
3│.........│
4│.........│
5│.........│
6│.........│
7│.........│
8│.........│
9│.........│
—│—————————│
Set/unset mine marks or claim a cell as free: > 3 5 free

 │123456789│
—│—————————│
1│//////1..│
2│//////111│
3│/////////│
4│///////11│
5│///111/1.│
6│/112.1/11│
7│/1.211///│
8│/111/////│
9│/////////│
—│—————————│
Set/unset mine marks or claim a cell as free: > 8 1 mine

 │123456789│
—│—————————│
1│//////1*.│
2│//////111│
3│/////////│
4│///////11│
5│///111/1.│
6│/112.1/11│
7│/1.211///│
8│/111/////│
9│/////////│
—│—————————│
Set/unset mine marks or claim a cell as free: > 9 1 free

 │123456789│
—│—————————│
1│//////1*1│
2│//////111│
3│/////////│
4│///////11│
5│///111/1.│
6│/112.1/11│
7│/1.211///│
8│/111/////│
9│/////////│
—│—————————│
Congratulations! You found all the mines!
?[1;31m
Start test 74?[0m
How many mines do you want on the field? > 4

 │123456789│
—│—————————│
1│.........│
2│.........│
3│.........│
4│.........│
5│.........│
6│.........│
7│.........│
8│.........│
9│.........│
—│—————————│
Set/unset mine marks or claim a cell as free: > 3 1 free

 │123456789│
—│—————————│
1│///1.....│
2│///1.....│
3│1111.....│
4│.........│
5│.........│
6│.........│
7│.........│
8│.........│
9│.........│
—│—————————│
Set/unset mine marks or claim a cell as free: > 8 2 free

 │123456789│
—│—————————│
1│///1.....│
2│///1...2.│
3│1111.....│
4│.........│
5│.........│
6│.........│
7│.........│
8│.........│
9│.........│
—│—————————│
Set/unset mine marks or claim a cell as free: > 1 5 free

 │123456789│
—│—————————│
1│///1.....│
2│///1...2.│
3│1111.....│
4│.........│
5│1........│
6│.........│
7│.........│
8│.........│
9│.........│
—│—————————│
Set/unset mine marks or claim a cell as free: > 8 3 free

 │123456789│
—│—————————│
1│///1.....│
2│///1X.X2.│
3│1111...X.│
4│.X.......│
5│1........│
6│.........│
7│.........│
8│.........│
9│.........│
—│—————————│
You stopped on a mine and failed!
?[1;31m
Start test 75?[0m
How many mines do you want on the field? > 4

 │123456789│
—│—————————│
1│.........│
2│.........│
3│.........│
4│.........│
5│.........│
6│.........│
7│.........│
8│.........│
9│.........│
—│—————————│
Set/unset mine marks or claim a cell as free: > 9 4 mine

 │123456789│
—│—————————│
1│.........│
2│.........│
3│.........│
4│........*│
5│.........│
6│.........│
7│.........│
8│.........│
9│.........│
—│—————————│
Set/unset mine marks or claim a cell as free: > 6 1 free

 │123456789│
—│—————————│
1│.....1...│
2│.........│
3│.........│
4│........*│
5│.........│
6│.........│
7│.........│
8│.........│
9│.........│
—│—————————│
Set/unset mine marks or claim a cell as free: > 7 4 free

 │123456789│
—│—————————│
1│/////1...│
2│/////1.21│
3│/////111/│
4│/111/////│
5│/1.1/////│
6│/111///11│
7│///////1.│
8│///////11│
9│/////////│
—│—————————│
Set/unset mine marks or claim a cell as free: > 7 1 free

 │123456789│
—│—————————│
1│/////11..│
2│/////1.21│
3│/////111/│
4│/111/////│
5│/1.1/////│
6│/111///11│
7│///////1.│
8│///////11│
9│/////////│
—│—————————│
Set/unset mine marks or claim a cell as free: > 7 2 free

 │123456789│
—│—————————│
1│/////11.X│
2│/////1X21│
3│/////111/│
4│/111/////│
5│/1X1/////│
6│/111///11│
7│///////1X│
8│///////11│
9│/////////│
—│—————————│
You stopped on a mine and failed!
?[1;31m
Start test 76?[0m
How many mines do you want on the field? > 4

 │123456789│
—│—————————│
1│.........│
2│.........│
3│.........│
4│.........│
5│.........│
6│.........│
7│.........│
8│.........│
9│.........│
—│—————————│
Set/unset mine marks or claim a cell as free: > 3 2 free

 │123456789│
—│—————————│
1│.1///////│
2│11///////│
3│///////11│
4│///////1.│
5│///////11│
6│/////////│
7│/111/////│
8│/1.21////│
9│/1..1////│
—│—————————│
Set/unset mine marks or claim a cell as free: > 1 1 free

 │123456789│
—│—————————│
1│X1///////│
2│11///////│
3│///////11│
4│///////1X│
5│///////11│
6│/////////│
7│/111/////│
8│/1X21////│
9│/1.X1////│
—│—————————│
You stopped on a mine and failed!
?[1;31m
Start test 77?[0m
How many mines do you want on the field? > 4

 │123456789│
—│—————————│
1│.........│
2│.........│
3│.........│
4│.........│
5│.........│
6│.........│
7│.........│
8│.........│
9│.........│
—│—————————│
Set/unset mine marks or claim a cell as free: > 7 9 free

 │123456789│
—│—————————│
1│/////////│
2│11///////│
3│.1///////│
4│11//11111│
5│////1....│
6│///122111│
7│///1.1///│
8│///111///│
9│/////////│
—│—————————│
Set/unset mine marks or claim a cell as free: > 5 7 free

 │123456789│
—│—————————│
1│/////////│
2│11///////│
3│X1///////│
4│11//11111│
5│////1X..X│
6│///122111│
7│///1X1///│
8│///111///│
9│/////////│
—│—————————│
You stopped on a mine and failed!
?[1;31m
Start test 78?[0m
How many mines do you want on the field? > 4

 │123456789│
—│—————————│
1│.........│
2│.........│
3│.........│
4│.........│
5│.........│
6│.........│
7│.........│
8│.........│
9│.........│
—│—————————│
Set/unset mine marks or claim a cell as free: > 9 7 free

 │123456789│
—│—————————│
1│..1//////│
2│..1111///│
3│.....21//│
4│..112.1//│
5│..1/111//│
6│111//////│
7│/////////│
8│/////////│
9│/////////│
—│—————————│
Set/unset mine marks or claim a cell as free: > 1 5 mine

 │123456789│
—│—————————│
1│..1//////│
2│..1111///│
3│.....21//│
4│..112.1//│
5│*.1/111//│
6│111//////│
7│/////////│
8│/////////│
9│/////////│
—│—————————│
Set/unset mine marks or claim a cell as free: > 1 5 mine

 │123456789│
—│—————————│
1│..1//////│
2│..1111///│
3│.....21//│
4│..112.1//│
5│..1/111//│
6│111//////│
7│/////////│
8│/////////│
9│/////////│
—│—————————│
Set/unset mine marks or claim a cell as free: > 2 5 mine

 │123456789│
—│—————————│
1│..1//////│
2│..1111///│
3│.....21//│
4│..112.1//│
5│.*1/111//│
6│111//////│
7│/////////│
8│/////////│
9│/////////│
—│—————————│
Set/unset mine marks or claim a cell as free: > 2 5 mine

 │123456789│
—│—————————│
1│..1//////│
2│..1111///│
3│.....21//│
4│..112.1//│
5│..1/111//│
6│111//////│
7│/////////│
8│/////////│
9│/////////│
—│—————————│
Set/unset mine marks or claim a cell as free: > 5 3 free

 │123456789│
—│—————————│
1│..1//////│
2│.X1111///│
3│....X21//│
4│..112X1//│
5│.X1/111//│
6│111//////│
7│/////////│
8│/////////│
9│/////////│
—│—————————│
You stopped on a mine and failed!
?[1;31m
Start test 79?[0m
How many mines do you want on the field? > 4

 │123456789│
—│—————————│
1│.........│
2│.........│
3│.........│
4│.........│
5│.........│
6│.........│
7│.........│
8│.........│
9│.........│
—│—————————│
Set/unset mine marks or claim a cell as free: > 6 2 free

 │123456789│
—│—————————│
1│.........│
2│.....1...│
3│.........│
4│.........│
5│.........│
6│.........│
7│.........│
8│.........│
9│.........│
—│—————————│
Set/unset mine marks or claim a cell as free: > 6 8 free

 │123456789│
—│—————————│
1│.........│
2│.....1...│
3│.........│
4│.........│
5│.........│
6│.........│
7│.........│
8│.....1...│
9│.........│
—│—————————│
Set/unset mine marks or claim a cell as free: > 4 8 mine

 │123456789│
—│—————————│
1│.........│
2│.....1...│
3│.........│
4│.........│
5│.........│
6│.........│
7│.........│
8│...*.1...│
9│.........│
—│—————————│
Set/unset mine marks or claim a cell as free: > 3 3 mine

 │123456789│
—│—————————│
1│.........│
2│.....1...│
3│..*......│
4│.........│
5│.........│
6│.........│
7│.........│
8│...*.1...│
9│.........│
—│—————————│
Set/unset mine marks or claim a cell as free: > 2 1 free

 │123456789│
—│—————————│
1│/////////│
2│///111///│
3│///1.1111│
4│///2.....│
5│///1.....│
6│///111...│
7│/////1...│
8│/////1...│
9│/////1...│
—│—————————│
Set/unset mine marks or claim a cell as free: > 9 9 free

 │123456789│
—│—————————│
1│/////////│
2│///111///│
3│///1.1111│
4│///2.....│
5│///1.1111│
6│///111///│
7│/////111/│
8│/////1.1/│
9│/////1.1/│
—│—————————│
Set/unset mine marks or claim a cell as free: > 5 3 free

 │123456789│
—│—————————│
1│/////////│
2│///111///│
3│///1X1111│
4│///2...X.│
5│///1X1111│
6│///111///│
7│/////111/│
8│/////1X1/│
9│/////1.1/│
—│—————————│
You stopped on a mine and failed!
?[1;31m
Start test 80?[0m
How many mines do you want on the field? > 4

 │123456789│
—│—————————│
1│.........│
2│.........│
3│.........│
4│.........│
5│.........│
6│.........│
7│.........│
8│.........│
9│.........│
—│—————————│
Set/unset mine marks or claim a cell as free: > 3 8 mine

 │123456789│
—│—————————│
1│.........│
2│.........│
3│.........│
4│.........│
5│.........│
6│.........│
7│.........│
8│..*......│
9│.........│
—│—————————│
Set/unset mine marks or claim a cell as free: > 2 2 free

 │123456789│
—│—————————│
1│.........│
2│.1.......│
3│.........│
4│.........│
5│.........│
6│.........│
7│.........│
8│..*......│
9│.........│
—│—————————│
Set/unset mine marks or claim a cell as free: > 6 7 free

 │123456789│
—│—————————│
1│.........│
2│.1.......│
3│.........│
4│.........│
5│.........│
6│.........│
7│.....1...│
8│..*......│
9│.........│
—│—————————│
Set/unset mine marks or claim a cell as free: > 6 6 free

 │123456789│
—│—————————│
1│.........│
2│.1.......│
3│.........│
4│.........│
5│.........│
6│.....1...│
7│.....1...│
8│..*......│
9│.........│
—│—————————│
Set/unset mine marks or claim a cell as free: > 6 1 free

 │123456789│
—│—————————│
1│.....1...│
2│.1.......│
3│.........│
4│.........│
5│.........│
6│.....1...│
7│.....1...│
8│..*......│
9│.........│
—│—————————│
Set/unset mine marks or claim a cell as free: > 2 3 free

 │123456789│
—│—————————│
1│.....1...│
2│.1.......│
3│.1.......│
4│.........│
5│.........│
6│.....1...│
7│.....1...│
8│..*......│
9│.........│
—│—————————│
[...]
2│......1..│
3│..*......│
4│....1.*..│
5│.........│
6│.........│
7│.........│
8│.........│
9│.........│
—│—————————│
Set/unset mine marks or claim a cell as free: > 1 7 mine

 │123456789│
—│—————————│
1│.........│
2│......1..│
3│..*......│
4│....1.*..│
5│.........│
6│.........│
7│*........│
8│.........│
9│.........│
—│—————————│
Set/unset mine marks or claim a cell as free: > 4 5 free

 │123456789│
—│—————————│
1│.........│
2│......1..│
3│..*......│
4│....1.*..│
5│...1.....│
6│.........│
7│*........│
8│.........│
9│.........│
—│—————————│
Set/unset mine marks or claim a cell as free: > 1 2 mine

 │123456789│
—│—————————│
1│.........│
2│*.....1..│
3│..*......│
4│....1.*..│
5│...1.....│
6│.........│
7│*........│
8│.........│
9│.........│
—│—————————│
Set/unset mine marks or claim a cell as free: > 8 1 free

 │123456789│
—│—————————│
1│.......2.│
2│*.....1..│
3│..*......│
4│....1.*..│
5│...1.....│
6│.........│
7│*........│
8│.........│
9│.........│
—│—————————│
Set/unset mine marks or claim a cell as free: > 8 4 mine

 │123456789│
—│—————————│
1│.......2.│
2│*.....1..│
3│..*......│
4│....1.**.│
5│...1.....│
6│.........│
7│*........│
8│.........│
9│.........│
—│—————————│
Set/unset mine marks or claim a cell as free: > 8 2 free

 │123456789│
—│—————————│
1│...XX..2X│
2│*.X.X.1X.│
3│.X*......│
4│XX..1.*..│
5│...1.X.XX│
6│...X.....│
7│*....XX.X│
8│....X....│
9│.......XX│
—│—————————│
You stopped on a mine and failed!
?[1;31m
Start test 96?[0m
How many mines do you want on the field? > 20

 │123456789│
—│—————————│
1│.........│
2│.........│
3│.........│
4│.........│
5│.........│
6│.........│
7│.........│
8│.........│
9│.........│
—│—————————│
Set/unset mine marks or claim a cell as free: > 2 1 mine

 │123456789│
—│—————————│
1│.*.......│
2│.........│
3│.........│
4│.........│
5│.........│
6│.........│
7│.........│
8│.........│
9│.........│
—│—————————│
Set/unset mine marks or claim a cell as free: > 9 9 free

 │123456789│
—│—————————│
1│.*.......│
2│.........│
3│.........│
4│.........│
5│.........│
6│.........│
7│.........│
8│......211│
9│......1//│
—│—————————│
Set/unset mine marks or claim a cell as free: > 8 2 free

 │123456789│
—│—————————│
1│.*.......│
2│.......1.│
3│.........│
4│.........│
5│.........│
6│.........│
7│.........│
8│......211│
9│......1//│
—│—————————│
Set/unset mine marks or claim a cell as free: > 9 5 free

 │123456789│
—│—————————│
1│.....X...│
2│.XX....1.│
3│..X.....X│
4│.X..XX...│
5│XX....X.X│
6│......X..│
7│XXX....X.│
8│...X.X211│
9│......1//│
—│—————————│
You stopped on a mine and failed!
?[1;31m
Start test 97?[0m
How many mines do you want on the field? > 25

 │123456789│
—│—————————│
1│.........│
2│.........│
3│.........│
4│.........│
5│.........│
6│.........│
7│.........│
8│.........│
9│.........│
—│—————————│
Set/unset mine marks or claim a cell as free: > 4 5 free

 │123456789│
—│—————————│
1│.........│
2│.........│
3│.........│
4│..213....│
5│221/1....│
6│///12....│
7│/124.....│
8│12.......│
9│.........│
—│—————————│
Set/unset mine marks or claim a cell as free: > 7 9 mine

 │123456789│
—│—————————│
1│.........│
2│.........│
3│.........│
4│..213....│
5│221/1....│
6│///12....│
7│/124.....│
8│12.......│
9│......*..│
—│—————————│
Set/unset mine marks or claim a cell as free: > 3 1 free

 │123456789│
—│—————————│
1│X.XX...XX│
2│.X.......│
3│.X..XX...│
4│XX213X...│
5│221/1.XX.│
6│///12....│
7│/124XXX..│
8│12XXX..X.│
9│.X.X..*XX│
—│—————————│
You stopped on a mine and failed!
?[1;31m
Start test 98?[0m
How many mines do you want on the field? > 25

 │123456789│
—│—————————│
1│.........│
2│.........│
3│.........│
4│.........│
5│.........│
6│.........│
7│.........│
8│.........│
9│.........│
—│—————————│
Set/unset mine marks or claim a cell as free: > 3 2 mine

 │123456789│
—│—————————│
1│.........│
2│..*......│
3│.........│
4│.........│
5│.........│
6│.........│
7│.........│
8│.........│
9│.........│
—│—————————│
Set/unset mine marks or claim a cell as free: > 3 2 mine

 │123456789│
—│—————————│
1│.........│
2│.........│
3│.........│
4│.........│
5│.........│
6│.........│
7│.........│
8│.........│
9│.........│
—│—————————│
Set/unset mine marks or claim a cell as free: > 3 5 free

 │123456789│
—│—————————│
1│.........│
2│.........│
3│.........│
4│.........│
5│..4......│
6│.........│
7│.........│
8│.........│
9│.........│
—│—————————│
Set/unset mine marks or claim a cell as free: > 1 7 free

 │123456789│
—│—————————│
1│X.X....XX│
2│..X...XX.│
3│.......X.│
4│.X..X....│
5│..4X.....│
6│X.XXX.XX.│
7│XXX......│
8│......X..│
9│X...XXX..│
—│—————————│
You stopped on a mine and failed!
?[1;31m
Start test 99?[0m
How many mines do you want on the field? > 30

 │123456789│
—│—————————│
1│.........│
2│.........│
3│.........│
4│.........│
5│.........│
6│.........│
7│.........│
8│.........│
9│.........│
—│—————————│
Set/unset mine marks or claim a cell as free: > 9 9 free

 │123456789│
—│—————————│
1│.........│
2│.........│
3│.........│
4│.........│
5│.........│
6│.........│
7│.........│
8│.........│
9│........1│
—│—————————│
Set/unset mine marks or claim a cell as free: > 9 3 free

 │123456789│
—│—————————│
1│.XXX.XX..│
2│..X..X..X│
3│X.X..X..X│
4│X......X.│
5│X........│
6│X....X.X.│
7│X.XX...XX│
8│X.X..XX..│
9│.X.X...X1│
—│—————————│
You stopped on a mine and failed!
?[1;31m
Start test 100?[0m
How many mines do you want on the field? > 30

 │123456789│
—│—————————│
1│.........│
2│.........│
3│.........│
4│.........│
5│.........│
6│.........│
7│.........│
8│.........│
9│.........│
—│—————————│
Set/unset mine marks or claim a cell as free: > 6 4 free

 │123456789│
—│—————————│
1│X.X....XX│
2│.X.X.....│
3│X...X..XX│
4│.....X...│
5│X...X.XX.│
6│..X.X..X.│
7│.XX...XXX│
8│..XX..X.X│
9│.....XX.X│
—│—————————│
You stopped on a mine and failed!
?[1;31m
Start test 101?[0m
How many mines do you want on the field? > 35

 │123456789│
—│—————————│
1│.........│
2│.........│
3│.........│
4│.........│
5│.........│
6│.........│
7│.........│
8│.........│
9│.........│
—│—————————│
Set/unset mine marks or claim a cell as free: > 5 4 free

 │123456789│
—│—————————│
1│.........│
2│.........│
3│.........│
4│....2....│
5│.........│
6│.........│
7│.........│
8│.........│
9│.........│
—│—————————│
Set/unset mine marks or claim a cell as free: > 6 5 mine

 │123456789│
—│—————————│
1│.........│
2│.........│
3│.........│
4│....2....│
5│.....*...│
6│.........│
7│.........│
8│.........│
9│.........│
—│—————————│
Set/unset mine marks or claim a cell as free: > 6 5 mine

 │123456789│
—│—————————│
1│.........│
2│.........│
3│.........│
4│....2....│
5│.........│
6│.........│
7│.........│
8│.........│
9│.........│
—│—————————│
Set/unset mine marks or claim a cell as free: > 7 1 free

 │123456789│
—│—————————│
1│......2..│
2│.........│
3│.........│
4│....2....│
5│.........│
6│.........│
7│.........│
8│.........│
9│.........│
—│—————————│
Set/unset mine marks or claim a cell as free: > 7 6 free

 │123456789│
—│—————————│
1│......2..│
2│.........│
3│.........│
4│....2....│
5│.........│
6│......1..│
7│.........│
8│.........│
9│.........│
—│—————————│
Set/unset mine marks or claim a cell as free: > 9 5 free

 │123456789│
—│—————————│
1│......2..│
2│.........│
3│.........│
4│....2....│
5│........4│
6│......1..│
7│.........│
8│.........│
9│.........│
—│—————————│
Set/unset mine marks or claim a cell as free: > 8 5 mine

 │123456789│
—│—————————│
1│......2..│
2│.........│
3│.........│
4│....2....│
5│.......*4│
6│......1..│
7│.........│
8│.........│
9│.........│
—│—————————│
Set/unset mine marks or claim a cell as free: > 2 1 free

 │123456789│
—│—————————│
1│XXX.XX2..│
2│XX..X.X..│
3│X.X.X.X..│
4│....2X.XX│
5│XX......4│
6│X..X..1.X│
7│XXX.....X│
8│.X....X.X│
9│XXX.X.XX.│
—│—————————│
You stopped on a mine and failed!
?[1;31m
Start test 102?[0m
How many mines do you want on the field? > 35

 │123456789│
—│—————————│
1│.........│
2│.........│
3│.........│
4│.........│
5│.........│
6│.........│
7│.........│
8│.........│
9│.........│
—│—————————│
Set/unset mine marks or claim a cell as free: > 8 9 mine

 │123456789│
—│—————————│
1│.........│
2│.........│
3│.........│
4│.........│
5│.........│
6│.........│
7│.........│
8│.........│
9│.......*.│
—│—————————│
Set/unset mine marks or claim a cell as free: > 6 8 mine

 │123456789│
—│—————————│
1│.........│
2│.........│
3│.........│
4│.........│
5│.........│
6│.........│
7│.........│
8│.....*...│
9│.......*.│
—│—————————│
Set/unset mine marks or claim a cell as free: > 7 8 free

 │123456789│
—│—————————│
1│.........│
2│.........│
3│.........│
4│.........│
5│.........│
6│.........│
7│.........│
8│.....*3..│
9│.......*.│
—│—————————│
Set/unset mine marks or claim a cell as free: > 7 4 mine

 │123456789│
—│—————————│
1│.........│
2│.........│
3│.........│
4│......*..│
5│.........│
6│.........│
7│.........│
8│.....*3..│
9│.......*.│
—│—————————│
Set/unset mine marks or claim a cell as free: > 6 9 free

 │123456789│
—│—————————│
1│.........│
2│.........│
3│.........│
4│......*..│
5│.........│
6│.........│
7│.........│
8│.....*3..│
9│.....3.*.│
—│—————————│
Set/unset mine marks or claim a cell as free: > 7 4 mine

 │123456789│
—│—————————│
1│.........│
2│.........│
3│.........│
4│.........│
5│.........│
6│.........│
7│.........│
8│.....*3..│
9│.....3.*.│
—│—————————│
Set/unset mine marks or claim a cell as free: > 6 5 mine

 │123456789│
—│—————————│
1│.........│
2│.........│
3│.........│
4│.........│
5│.....*...│
6│.........│
7│.........│
8│.....*3..│
9│.....3.*.│
—│—————————│
Set/unset mine marks or claim a cell as free: > 4 3 free

 │123456789│
—│—————————│
1│.........│
2│.........│
3│...5.....│
4│.........│
5│.....*...│
6│.........│
7│.........│
8│.....*3..│
9│.....3.*.│
—│—————————│
Set/unset mine marks or claim a cell as free: > 2 8 free

 │123456789│
—│—————————│
1│XX.XX...X│
2│.X.X.X.XX│
3│X..5X.X.X│
4│XXXXXX...│
5│.....*X.X│
6│...XXXX..│
7│...X.XX.X│
8│XX..X*3..│
9│....X3X*.│
—│—————————│
You stopped on a mine and failed!
?[1;31m
Start test 103?[0m
How many mines do you want on the field? > 40

 │123456789│
—│—————————│
1│.........│
2│.........│
3│.........│
4│.........│
5│.........│
6│.........│
7│.........│
8│.........│
9│.........│
—│—————————│
Set/unset mine marks or claim a cell as free: > 3 9 free

 │123456789│
—│—————————│
1│X.XXXXXX.│
2│.......XX│
3│.XXXXXXX.│
4│X..X.X.X.│
5│X...X.XXX│
6│......XXX│
7│....X.X.X│
8│XX..X.XXX│
9│X.XX.....│
—│—————————│
You stopped on a mine and failed!
?[1;31m
Start test 104?[0m
How many mines do you want on the field? > 40

 │123456789│
—│—————————│
1│.........│
2│.........│
3│.........│
4│.........│
5│.........│
6│.........│
7│.........│
8│.........│
9│.........│
—│—————————│
Set/unset mine marks or claim a cell as free: > 6 7 free

 │123456789│
—│—————————│
1│.........│
2│.........│
3│.........│
4│.........│
5│.........│
6│.........│
7│.....4...│
8│.........│
9│.........│
—│—————————│
Set/unset mine marks or claim a cell as free: > 1 9 free

 │123456789│
—│—————————│
1│XXX..X..X│
2│XXXX...X.│
3│X.....XX.│
4│X.XXX.X..│
5│XXX...X.X│
6│....X..X.│
7│XX.X.4X.X│
8│X...XX.XX│
9│X.X..X.XX│
—│—————————│
You stopped on a mine and failed!
?[1;31m
Start test 105?[0m
How many mines do you want on the field? > 45

 │123456789│
—│—————————│
1│.........│
2│.........│
3│.........│
4│.........│
5│.........│
6│.........│
7│.........│
8│.........│
9│.........│
—│—————————│
Set/unset mine marks or claim a cell as free: > 5 8 free

 │123456789│
—│—————————│
1│XXX.X....│
2│XX...XX..│
3│XXX.XX.XX│
4│X.XX.XX..│
5│.XX..XX..│
6│.XX..X.XX│
7│..XXX..XX│
8│..XXX..X.│
9│XXX.X.XXX│
—│—————————│
You stopped on a mine and failed!
?[1;31m
Start test 106?[0m
How many mines do you want on the field? > 45

 │123456789│
—│—————————│
1│.........│
2│.........│
3│.........│
4│.........│
5│.........│
6│.........│
7│.........│
8│.........│
9│.........│
—│—————————│
Set/unset mine marks or claim a cell as free: > 8 3 free

 │123456789│
—│—————————│
1│.........│
2│.........│
3│.......5.│
4│.........│
5│.........│
6│.........│
7│.........│
8│.........│
9│.........│
—│—————————│
Set/unset mine marks or claim a cell as free: > 3 1 free

 │123456789│
—│—————————│
1│XXXXX...X│
2│XXX..X.XX│
3│X..X...5X│
4│X.X..XXX.│
5│.XX.X.XX.│
6│XXXXX.XX.│
7│X..XXX...│
8│X..X.XX.X│
9│...X.XXX.│
—│—————————│
You stopped on a mine and failed!
?[1;31m
Start test 107?[0m
How many mines do you want on the field? > 50

 │123456789│
—│—————————│
1│.........│
2│.........│
3│.........│
4│.........│
5│.........│
6│.........│
7│.........│
8│.........│
9│.........│
—│—————————│
Set/unset mine marks or claim a cell as free: > 1 8 free

 │123456789│
—│—————————│
1│XXXX.X..X│
2│X.XXX.XXX│
3│X.X.XXXXX│
4│..XXX.X.X│
5│X.X.XX.XX│
6│X.X..X.XX│
7│X..X.....│
8│XXX.XXX..│
9│XXXX...XX│
—│—————————│
You stopped on a mine and failed!
?[1;31m
Start test 108?[0m
How many mines do you want on the field? > 50

 │123456789│
—│—————————│
1│.........│
2│.........│
3│.........│
4│.........│
5│.........│
6│.........│
7│.........│
8│.........│
9│.........│
—│—————————│
Set/unset mine marks or claim a cell as free: > 3 2 free

 │123456789│
—│—————————│
1│.........│
2│..5......│
3│.........│
4│.........│
5│.........│
6│.........│
7│.........│
8│.........│
9│.........│
—│—————————│
Set/unset mine marks or claim a cell as free: > 3 5 free

 │123456789│
—│—————————│
1│.........│
2│..5......│
3│.........│
4│.........│
5│..6......│
6│.........│
7│.........│
8│.........│
9│.........│
—│—————————│
Set/unset mine marks or claim a cell as free: > 1 8 free

 │123456789│
—│—————————│
1│X.XX...XX│
2│X.5X.XXXX│
3│X.XXX.XX.│
4│XXXX.XXXX│
5│XX6...X..│
6│XXX.X.X.X│
7│X..XXXXXX│
8│X.X.X.XX.│
9│.X...XX.X│
—│—————————│
You stopped on a mine and failed!
?[1;31m
Start test 109?[0m
How many mines do you want on the field? > 55

 │123456789│
—│—————————│
1│.........│
2│.........│
3│.........│
4│.........│
5│.........│
6│.........│
7│.........│
8│.........│
9│.........│
—│—————————│
Set/unset mine marks or claim a cell as free: > 9 5 mine

 │123456789│
—│—————————│
1│.........│
2│.........│
3│.........│
4│.........│
5│........*│
6│.........│
7│.........│
8│.........│
9│.........│
—│—————————│
Set/unset mine marks or claim a cell as free: > 2 8 free

 │123456789│
—│—————————│
1│.........│
2│.........│
3│.........│
4│.........│
5│........*│
6│.........│
7│.........│
8│.7.......│
9│.........│
—│—————————│
Set/unset mine marks or claim a cell as free: > 2 3 free

 │123456789│
—│—————————│
1│X.XX.XXX.│
2│.XXXXXX..│
3│.X..XXXXX│
4│X.XX.XXX.│
5│.X...XXX*│
6│XX..X.XX.│
7│XXXXXX.XX│
8│X7.XXXXXX│
9│XXX.X.XXX│
—│—————————│
You stopped on a mine and failed!
?[1;31m
Start test 110?[0m
How many mines do you want on the field? > 55

 │123456789│
—│—————————│
1│.........│
2│.........│
3│.........│
4│.........│
5│.........│
6│.........│
7│.........│
8│.........│
9│.........│
—│—————————│
Set/unset mine marks or claim a cell as free: > 9 4 mine

 │123456789│
—│—————————│
1│.........│
2│.........│
3│.........│
4│........*│
5│.........│
6│.........│
7│.........│
8│.........│
9│.........│
—│—————————│
Set/unset mine marks or claim a cell as free: > 7 7 free

 │123456789│
—│—————————│
1│.........│
2│.........│
3│.........│
4│........*│
5│.........│
6│.........│
7│......6..│
8│.........│
9│.........│
—│—————————│
Set/unset mine marks or claim a cell as free: > 6 7 mine

 │123456789│
—│—————————│
1│.........│
2│.........│
3│.........│
4│........*│
5│.........│
6│.........│
7│.....*6..│
8│.........│
9│.........│
—│—————————│
Set/unset mine marks or claim a cell as free: > 3 7 mine

 │123456789│
—│—————————│
1│.........│
2│.........│
3│.........│
4│........*│
5│.........│
6│.........│
7│..*..*6..│
8│.........│
9│.........│
—│—————————│
Set/unset mine marks or claim a cell as free: > 4 3 mine

 │123456789│
—│—————————│
1│.........│
2│.........│
3│...*.....│
4│........*│
5│.........│
6│.........│
7│..*..*6..│
8│.........│
9│.........│
—│—————————│
Set/unset mine marks or claim a cell as free: > 7 5 free

 │123456789│
—│—————————│
1│XXX.X..XX│
2│XXXXXX.X.│
3│X...XXXX.│
4│XXXXXX...│
5│XX.XXXX.X│
6│XX..X.XX.│
7│XX*X..6XX│
8│.XXX.XX..│
9│XXX..X.XX│
—│—————————│
You stopped on a mine and failed!
?[1;31m
Start test 111?[0m
How many mines do you want on the field? > 60

 │123456789│
—│—————————│
1│.........│
2│.........│
3│.........│
4│.........│
5│.........│
6│.........│
7│.........│
8│.........│
9│.........│
—│—————————│
Set/unset mine marks or claim a cell as free: > 1 6 free

 │123456789│
—│—————————│
1│X..X..XXX│
2│XXX.XXXXX│
3│XXXX.XXXX│
4│.XX.XXXXX│
5│.XXXXXX.X│
6│X.XXX....│
7│XXX..XXXX│
8│XXXXXX..X│
9│.X.XXXXXX│
—│—————————│
You stopped on a mine and failed!
?[1;31m
Start test 112?[0m
How many mines do you want on the field? > 60

 │123456789│
—│—————————│
1│.........│
2│.........│
3│.........│
4│.........│
5│.........│
6│.........│
7│.........│
8│.........│
9│.........│
—│—————————│
Set/unset mine marks or claim a cell as free: > 3 7 mine

 │123456789│
—│—————————│
1│.........│
2│.........│
3│.........│
4│.........│
5│.........│
6│.........│
7│..*......│
8│.........│
9│.........│
—│—————————│
Set/unset mine marks or claim a cell as free: > 8 7 free

 │123456789│
—│—————————│
1│XXXXXX.XX│
2│XX.XXXXX.│
3│.XXXX.XXX│
4│X.X.X.XXX│
5│X.XXXX.XX│
6│X.X..XX.X│
7│XX.XXX.X.│
8│.XXXXX.XX│
9│X..XX.XXX│
—│—————————│
You stopped on a mine and failed!
?[1;31m
Start test 113?[0m
How many mines do you want on the field? > 65

 │123456789│
—│—————————│
1│.........│
2│.........│
3│.........│
4│.........│
5│.........│
6│.........│
7│.........│
8│.........│
9│.........│
—│—————————│
Set/unset mine marks or claim a cell as free: > 3 3 free

 │123456789│
—│—————————│
1│.........│
2│.........│
3│..6......│
4│.........│
5│.........│
6│.........│
7│.........│
8│.........│
9│.........│
—│—————————│
Set/unset mine marks or claim a cell as free: > 7 7 mine

 │123456789│
—│—————————│
1│.........│
2│.........│
3│..6......│
4│.........│
5│.........│
6│.........│
7│......*..│
8│.........│
9│.........│
—│—————————│
Set/unset mine marks or claim a cell as free: > 7 4 free

 │123456789│
—│—————————│
1│X..X...X.│
2│X.XXXXXXX│
3│XX6XXXXXX│
4│XXX.XXXXX│
5│XXXXXX.XX│
6│XXXXX.XX.│
7│XXX.X..XX│
8│XX.XXXXXX│
9│XXXXXXXX.│
—│—————————│
You stopped on a mine and failed!
?[1;31m
Start test 114?[0m
How many mines do you want on the field? > 65

 │123456789│
—│—————————│
1│.........│
2│.........│
3│.........│
4│.........│
5│.........│
6│.........│
7│.........│
8│.........│
9│.........│
—│—————————│
Set/unset mine marks or claim a cell as free: > 4 4 mine

 │123456789│
—│—————————│
1│.........│
2│.........│
3│.........│
4│...*.....│
5│.........│
6│.........│
7│.........│
8│.........│
9│.........│
—│—————————│
Set/unset mine marks or claim a cell as free: > 4 4 mine

 │123456789│
—│—————————│
1│.........│
2│.........│
3│.........│
4│.........│
5│.........│
6│.........│
7│.........│
8│.........│
9│.........│
—│—————————│
Set/unset mine marks or claim a cell as free: > 3 8 free

 │123456789│
—│—————————│
1│.........│
2│.........│
3│.........│
4│.........│
5│.........│
6│.........│
7│.........│
8│..6......│
9│.........│
—│—————————│
Set/unset mine marks or claim a cell as free: > 1 8 mine

 │123456789│
—│—————————│
1│.........│
2│.........│
3│.........│
4│.........│
5│.........│
6│.........│
7│.........│
8│*.6......│
9│.........│
—│—————————│
Set/unset mine marks or claim a cell as free: > 8 3 free

 │123456789│
—│—————————│
1│.........│
2│.........│
3│.......6.│
4│.........│
5│.........│
6│.........│
7│.........│
8│*.6......│
9│.........│
—│—————————│
Set/unset mine marks or claim a cell as free: > 1 8 mine

 │123456789│
—│—————————│
1│.........│
2│.........│
3│.......6.│
4│.........│
5│.........│
6│.........│
7│.........│
8│..6......│
9│.........│
—│—————————│
Set/unset mine marks or claim a cell as free: > 6 5 free

 │123456789│
—│—————————│
1│XXXXXXXX.│
2│X.XXXXXXX│
3│XXXXX..6.│
4│X.XXXXXXX│
5│.XXX.X.XX│
6│XXXX.XXXX│
7│XX..XXX.X│
8│XX6XXXX.X│
9│XXXXXXXXX│
—│—————————│
You stopped on a mine and failed!
]]></system-out>
  <system-err><![CDATA[]]></system-err>
</testsuite>
