<?xml version="1.0" encoding="UTF-8"?>
<testsuite name="MinesweeperTest" tests="1" skipped="0" failures="0" errors="0" timestamp="2021-11-25T10:06:25" hostname="DESKTOP-4RO72QM" time="1.896">
  <properties/>
  <testcase name="start" classname="MinesweeperTest" time="1.896"/>
  <system-out><![CDATA[?[1;31m
Start test 1?[0m
How many mines do you want on the field?
> 1
 │123456789│
—│—————————│
1│.........│
2│.........│
3│.........│
4│.........│
5│.........│
6│.........│
7│..111....│
8│..1.1....│
9│..111....│
—│—————————│

Set/delete mine marks (x and y coordinates):
> 1 2
 │123456789│
—│—————————│
1│.........│
2│*........│
3│.........│
4│.........│
5│.........│
6│.........│
7│..111....│
8│..1.1....│
9│..111....│
—│—————————│

Set/delete mine marks (x and y coordinates):
> 1 2
 │123456789│
—│—————————│
1│.........│
2│.........│
3│.........│
4│.........│
5│.........│
6│.........│
7│..111....│
8│..1.1....│
9│..111....│
—│—————————│

Set/delete mine marks (x and y coordinates):
> 4 8
 │123456789│
—│—————————│
1│.........│
2│.........│
3│.........│
4│.........│
5│.........│
6│.........│
7│..111....│
8│..1*1....│
9│..111....│
—│—————————│
Congratulations! You found all the mines!
?[1;31m
Start test 2?[0m
How many mines do you want on the field?
> 1
 │123456789│
—│—————————│
1│.........│
2│.........│
3│.........│
4│.........│
5│.........│
6│11.......│
7│.1.......│
8│11.......│
9│.........│
—│—————————│

Set/delete mine marks (x and y coordinates):
> 1 2
 │123456789│
—│—————————│
1│.........│
2│*........│
3│.........│
4│.........│
5│.........│
6│11.......│
7│.1.......│
8│11.......│
9│.........│
—│—————————│

Set/delete mine marks (x and y coordinates):
> 1 2
 │123456789│
—│—————————│
1│.........│
2│.........│
3│.........│
4│.........│
5│.........│
6│11.......│
7│.1.......│
8│11.......│
9│.........│
—│—————————│

Set/delete mine marks (x and y coordinates):
> 1 7
 │123456789│
—│—————————│
1│.........│
2│.........│
3│.........│
4│.........│
5│.........│
6│11.......│
7│*1.......│
8│11.......│
9│.........│
—│—————————│
Congratulations! You found all the mines!
?[1;31m
Start test 3?[0m
How many mines do you want on the field?
> 1
 │123456789│
—│—————————│
1│.........│
2│....111..│
3│....1.1..│
4│....111..│
5│.........│
6│.........│
7│.........│
8│.........│
9│.........│
—│—————————│

Set/delete mine marks (x and y coordinates):
> 1 2
 │123456789│
—│—————————│
1│.........│
2│*...111..│
3│....1.1..│
4│....111..│
5│.........│
6│.........│
7│.........│
8│.........│
9│.........│
—│—————————│

Set/delete mine marks (x and y coordinates):
> 1 2
 │123456789│
—│—————————│
1│.........│
2│....111..│
3│....1.1..│
4│....111..│
5│.........│
6│.........│
7│.........│
8│.........│
9│.........│
—│—————————│

Set/delete mine marks (x and y coordinates):
> 6 3
 │123456789│
—│—————————│
1│.........│
2│....111..│
3│....1*1..│
4│....111..│
5│.........│
6│.........│
7│.........│
8│.........│
9│.........│
—│—————————│
Congratulations! You found all the mines!
?[1;31m
Start test 4?[0m
How many mines do you want on the field?
> 1
 │123456789│
—│—————————│
1│.........│
2│..111....│
3│..1.1....│
4│..111....│
5│.........│
6│.........│
7│.........│
8│.........│
9│.........│
—│—————————│

Set/delete mine marks (x and y coordinates):
> 1 2
 │123456789│
—│—————————│
1│.........│
2│*.111....│
3│..1.1....│
4│..111....│
5│.........│
6│.........│
7│.........│
8│.........│
9│.........│
—│—————————│

Set/delete mine marks (x and y coordinates):
> 1 2
 │123456789│
—│—————————│
1│.........│
2│..111....│
3│..1.1....│
4│..111....│
5│.........│
6│.........│
7│.........│
8│.........│
9│.........│
—│—————————│

Set/delete mine marks (x and y coordinates):
> 4 3
 │123456789│
—│—————————│
1│.........│
2│..111....│
3│..1*1....│
4│..111....│
5│.........│
6│.........│
7│.........│
8│.........│
9│.........│
—│—————————│
Congratulations! You found all the mines!
?[1;31m
Start test 5?[0m
How many mines do you want on the field?
> 1
 │123456789│
—│—————————│
1│....1.1..│
2│....111..│
3│.........│
4│.........│
5│.........│
6│.........│
7│.........│
8│.........│
9│.........│
—│—————————│

Set/delete mine marks (x and y coordinates):
> 1 2
 │123456789│
—│—————————│
1│....1.1..│
2│*...111..│
3│.........│
4│.........│
5│.........│
6│.........│
7│.........│
8│.........│
9│.........│
—│—————————│

Set/delete mine marks (x and y coordinates):
> 1 2
 │123456789│
—│—————————│
1│....1.1..│
2│....111..│
3│.........│
4│.........│
5│.........│
6│.........│
7│.........│
8│.........│
9│.........│
—│—————————│

Set/delete mine marks (x and y coordinates):
> 6 1
 │123456789│
—│—————————│
1│....1*1..│
2│....111..│
3│.........│
4│.........│
5│.........│
6│.........│
7│.........│
8│.........│
9│.........│
—│—————————│
Congratulations! You found all the mines!
?[1;31m
Start test 6?[0m
How many mines do you want on the field?
> 1
 │123456789│
—│—————————│
1│.........│
2│.........│
3│.........│
4│..111....│
5│..1.1....│
6│..111....│
7│.........│
8│.........│
9│.........│
—│—————————│

Set/delete mine marks (x and y coordinates):
> 1 2
 │123456789│
—│—————————│
1│.........│
2│*........│
3│.........│
4│..111....│
5│..1.1....│
6│..111....│
7│.........│
8│.........│
9│.........│
—│—————————│

Set/delete mine marks (x and y coordinates):
> 1 2
 │123456789│
—│—————————│
1│.........│
2│.........│
3│.........│
4│..111....│
5│..1.1....│
6│..111....│
7│.........│
8│.........│
9│.........│
—│—————————│

Set/delete mine marks (x and y coordinates):
> 4 5
 │123456789│
—│—————————│
1│.........│
2│.........│
3│.........│
4│..111....│
5│..1*1....│
6│..111....│
7│.........│
8│.........│
9│.........│
—│—————————│
Congratulations! You found all the mines!
?[1;31m
Start test 7?[0m
How many mines do you want on the field?
> 1
 │123456789│
—│—————————│
1│.........│
2│.........│
3│.........│
4│.........│
5│..111....│
6│..1.1....│
7│..111....│
8│.........│
9│.........│
—│—————————│

Set/delete mine marks (x and y coordinates):
> 1 2
 │123456789│
—│—————————│
1│.........│
2│*........│
3│.........│
4│.........│
5│..111....│
6│..1.1....│
7│..111....│
8│.........│
9│.........│
—│—————————│

Set/delete mine marks (x and y coordinates):
> 1 2
 │123456789│
—│—————————│
1│.........│
2│.........│
3│.........│
4│.........│
5│..111....│
6│..1.1....│
7│..111....│
8│.........│
9│.........│
—│—————————│

Set/delete mine marks (x and y coordinates):
> 4 6
 │123456789│
—│—————————│
1│.........│
2│.........│
3│.........│
4│.........│
5│..111....│
6│..1*1....│
7│..111....│
8│.........│
9│.........│
—│—————————│
Congratulations! You found all the mines!
?[1;31m
Start test 8?[0m
How many mines do you want on the field?
> 1
 │123456789│
—│—————————│
1│11.......│
2│.1.......│
3│11.......│
4│.........│
5│.........│
6│.........│
7│.........│
8│.........│
9│.........│
—│—————————│

Set/delete mine marks (x and y coordinates):
> 1 2
 │123456789│
—│—————————│
1│11.......│
2│*1.......│
3│11.......│
4│.........│
5│.........│
6│.........│
7│.........│
8│.........│
9│.........│
—│—————————│
Congratulations! You found all the mines!
?[1;31m
Start test 9?[0m
How many mines do you want on the field?
> 1
 │123456789│
—│—————————│
1│.........│
2│.........│
3│.........│
4│.........│
5│..111....│
6│..1.1....│
7│..111....│
8│.........│
9│.........│
—│—————————│

Set/delete mine marks (x and y coordinates):
> 1 2
 │123456789│
—│—————————│
1│.........│
2│*........│
3│.........│
4│.........│
5│..111....│
6│..1.1....│
7│..111....│
8│.........│
9│.........│
—│—————————│

Set/delete mine marks (x and y coordinates):
> 1 2
 │123456789│
—│—————————│
1│.........│
2│.........│
3│.........│
4│.........│
5│..111....│
6│..1.1....│
7│..111....│
8│.........│
9│.........│
—│—————————│

Set/delete mine marks (x and y coordinates):
> 4 6
 │123456789│
—│—————————│
1│.........│
2│.........│
3│.........│
4│.........│
5│..111....│
6│..1*1....│
7│..111....│
8│.........│
9│.........│
—│—————————│
Congratulations! You found all the mines!
?[1;31m
Start test 10?[0m
How many mines do you want on the field?
> 1
 │123456789│
—│—————————│
1│.........│
2│.........│
3│.........│
4│.........│
5│.........│
6│.........│
7│.........│
8│111......│
9│1.1......│
—│—————————│

Set/delete mine marks (x and y coordinates):
> 1 2
 │123456789│
—│—————————│
1│.........│
2│*........│
3│.........│
4│.........│
5│.........│
6│.........│
7│.........│
8│111......│
9│1.1......│
—│—————————│

Set/delete mine marks (x and y coordinates):
> 1 2
 │123456789│
—│—————————│
1│.........│
2│.........│
3│.........│
4│.........│
5│.........│
6│.........│
7│.........│
8│111......│
9│1.1......│
—│—————————│

Set/delete mine marks (x and y coordinates):
> 2 9
 │123456789│
—│—————————│
1│.........│
2│.........│
3│.........│
4│.........│
5│.........│
6│.........│
7│.........│
8│111......│
9│1*1......│
—│—————————│
Congratulations! You found all the mines!
?[1;31m
Start test 11?[0m
How many mines do you want on the field?
> 5
 │123456789│
—│—————————│
1│111......│
2│1.1......│
3│111......│
4│..111.111│
5│..1.1.1.1│
6│..111.111│
7│.....111.│
8│....12.1.│
9│....1.21.│
—│—————————│

Set/delete mine marks (x and y coordinates):
> 2 2
 │123456789│
—│—————————│
1│111......│
2│1*1......│
3│111......│
4│..111.111│
5│..1.1.1.1│
6│..111.111│
7│.....111.│
8│....12.1.│
9│....1.21.│
—│—————————│

Set/delete mine marks (x and y coordinates):
> 8 5
 │123456789│
—│—————————│
1│111......│
2│1*1......│
3│111......│
4│..111.111│
5│..1.1.1*1│
6│..111.111│
7│.....111.│
8│....12.1.│
9│....1.21.│
—│—————————│

Set/delete mine marks (x and y coordinates):
> 4 5
 │123456789│
—│—————————│
1│111......│
2│1*1......│
3│111......│
4│..111.111│
5│..1*1.1*1│
6│..111.111│
7│.....111.│
8│....12.1.│
9│....1.21.│
—│—————————│

Set/delete mine marks (x and y coordinates):
> 7 8
 │123456789│
—│—————————│
1│111......│
2│1*1......│
3│111......│
4│..111.111│
5│..1*1.1*1│
6│..111.111│
7│.....111.│
8│....12*1.│
9│....1.21.│
—│—————————│

Set/delete mine marks (x and y coordinates):
> 6 9
 │123456789│
—│—————————│
1│111......│
2│1*1......│
3│111......│
4│..111.111│
5│..1*1.1*1│
6│..111.111│
7│.....111.│
8│....12*1.│
9│....1*21.│
—│—————————│
Congratulations! You found all the mines!
?[1;31m
Start test 12?[0m
How many mines do you want on the field?
> 5
 │123456789│
—│—————————│
1│.........│
2│......111│
3│11111.1.1│
4│.11.1.111│
5│11111....│
6│.........│
7│.........│
8│...111111│
9│...1.11.1│
—│—————————│

Set/delete mine marks (x and y coordinates):
> 8 3
 │123456789│
—│—————————│
1│.........│
2│......111│
3│11111.1*1│
4│.11.1.111│
5│11111....│
6│.........│
7│.........│
8│...111111│
9│...1.11.1│
—│—————————│

Set/delete mine marks (x and y coordinates):
> 4 4
 │123456789│
—│—————————│
1│.........│
2│......111│
3│11111.1*1│
4│.11*1.111│
5│11111....│
6│.........│
7│.........│
8│...111111│
9│...1.11.1│
—│—————————│

Set/delete mine marks (x and y coordinates):
> 8 9
 │123456789│
—│—————————│
1│.........│
2│......111│
3│11111.1*1│
4│.11*1.111│
5│11111....│
6│.........│
7│.........│
8│...111111│
9│...1.11*1│
—│—————————│

Set/delete mine marks (x and y coordinates):
> 1 4
 │123456789│
—│—————————│
1│.........│
2│......111│
3│11111.1*1│
4│*11*1.111│
5│11111....│
6│.........│
7│.........│
8│...111111│
9│...1.11*1│
—│—————————│

Set/delete mine marks (x and y coordinates):
> 5 9
 │123456789│
—│—————————│
1│.........│
2│......111│
3│11111.1*1│
4│*11*1.111│
5│11111....│
6│.........│
7│.........│
8│...111111│
9│...1*11*1│
—│—————————│
Congratulations! You found all the mines!
?[1;31m
Start test 13?[0m
How many mines do you want on the field?
> 5
 │123456789│
—│—————————│
1│...1.11.1│
2│...111111│
3│11.......│
4│.311.....│
5│.3.1.....│
6│1211.....│
7│.........│
8│.........│
9│.........│
—│—————————│

Set/delete mine marks (x and y coordinates):
> 3 5
 │123456789│
—│—————————│
1│...1.11.1│
2│...111111│
3│11.......│
4│.311.....│
5│.3*1.....│
6│1211.....│
7│.........│
8│.........│
9│.........│
—│—————————│

Set/delete mine marks (x and y coordinates):
> 8 1
 │123456789│
—│—————————│
1│...1.11*1│
2│...111111│
3│11.......│
4│.311.....│
5│.3*1.....│
6│1211.....│
7│.........│
8│.........│
9│.........│
—│—————————│

Set/delete mine marks (x and y coordinates):
> 5 1
 │123456789│
—│—————————│
1│...1*11*1│
2│...111111│
3│11.......│
4│.311.....│
5│.3*1.....│
6│1211.....│
7│.........│
8│.........│
9│.........│
—│—————————│

Set/delete mine marks (x and y coordinates):
> 1 4
 │123456789│
—│—————————│
1│...1*11*1│
2│...111111│
3│11.......│
4│*311.....│
5│.3*1.....│
6│1211.....│
7│.........│
8│.........│
9│.........│
—│—————————│

Set/delete mine marks (x and y coordinates):
> 1 5
 │123456789│
—│—————————│
1│...1*11*1│
2│...111111│
3│11.......│
4│*311.....│
5│*3*1.....│
6│1211.....│
7│.........│
8│.........│
9│.........│
—│—————————│
Congratulations! You found all the mines!
]]></system-out>
  <system-err><![CDATA[]]></system-err>
</testsuite>
